# JRE version: OpenJDK Runtime Environment GraalVM CE 22.3.0 (17.0.5+8) (build 17.0.5+8-jvmci-22.3-b08)
# Java VM: OpenJDK 64-Bit Server VM GraalVM CE 22.3.0 (17.0.5+8-jvmci-22.3-b08, mixed mode, sharing, tiered, jvmci, jvmci compiler, compressed oops, compressed class ptrs, parallel gc, linux-amd64)
GC Precious Log:
 CPUs: 8 total, 1 available
 Memory: 1024M
 Large Page Support: Disabled
 NUMA Support: Disabled
 Compressed Oops: Enabled (32-bit)
 Alignments: Space 512K, Generation 512K, Heap 2M
 Heap Min Capacity: 100M
 Heap Initial Capacity: 100M
 Heap Max Capacity: 512M
 Pre-touch: Disabled
 Parallel Workers: 1
Heap:
 PSYoungGen      total 28672K, used 20480K [0x00000000f5580000, 0x00000000f7980000, 0x0000000100000000)
  eden space 20480K, 100% used [0x00000000f5580000,0x00000000f6980000,0x00000000f6980000)
  from space 8192K, 0% used [0x00000000f6980000,0x00000000f6980000,0x00000000f7180000)
  to   space 6144K, 0% used [0x00000000f7380000,0x00000000f7380000,0x00000000f7980000)
 ParOldGen       total 349696K, used 349695K [0x00000000e0000000, 0x00000000f5580000, 0x00000000f5580000)
  object space 349696K, 99% used [0x00000000e0000000,0x00000000f557ffa8,0x00000000f5580000)
 Metaspace       used 54180K, committed 55232K, reserved 1105920K
  class space    used 5274K, committed 5760K, reserved 1048576K
GC Heap History (20 events):
Event: 1135.984 GC heap before
{Heap before GC invocations=583 (full 478):
 PSYoungGen      total 28672K, used 20480K [0x00000000f5580000, 0x00000000f7980000, 0x0000000100000000)
  eden space 20480K, 100% used [0x00000000f5580000,0x00000000f6980000,0x00000000f6980000)
  from space 8192K, 0% used [0x00000000f6980000,0x00000000f6980000,0x00000000f7180000)
  to   space 6144K, 0% used [0x00000000f7380000,0x00000000f7380000,0x00000000f7980000)
 ParOldGen       total 349696K, used 349694K [0x00000000e0000000, 0x00000000f5580000, 0x00000000f5580000)
  object space 349696K, 99% used [0x00000000e0000000,0x00000000f557fa60,0x00000000f5580000)
 Metaspace       used 54179K, committed 55232K, reserved 1105920K
  class space    used 5274K, committed 5760K, reserved 1048576K
}
Event: 1137.076 GC heap after
{Heap after GC invocations=583 (full 478):
 PSYoungGen      total 26624K, used 20479K [0x00000000f5580000, 0x00000000f7980000, 0x0000000100000000)
  eden space 20480K, 99% used [0x00000000f5580000,0x00000000f697ffd0,0x00000000f6980000)
  from space 6144K, 0% used [0x00000000f7380000,0x00000000f7380000,0x00000000f7980000)
  to   space 8192K, 0% used [0x00000000f6980000,0x00000000f6980000,0x00000000f7180000)
 ParOldGen       total 349696K, used 349694K [0x00000000e0000000, 0x00000000f5580000, 0x00000000f5580000)
  object space 349696K, 99% used [0x00000000e0000000,0x00000000f557fa60,0x00000000f5580000)
 Metaspace       used 54179K, committed 55232K, reserved 1105920K
  class space    used 5274K, committed 5760K, reserved 1048576K
}
Event: 1137.076 GC heap before
{Heap before GC invocations=584 (full 479):
 PSYoungGen      total 26624K, used 20480K [0x00000000f5580000, 0x00000000f7980000, 0x0000000100000000)
  eden space 20480K, 100% used [0x00000000f5580000,0x00000000f6980000,0x00000000f6980000)
  from space 6144K, 0% used [0x00000000f7380000,0x00000000f7380000,0x00000000f7980000)
  to   space 8192K, 0% used [0x00000000f6980000,0x00000000f6980000,0x00000000f7180000)
 ParOldGen       total 349696K, used 349694K [0x00000000e0000000, 0x00000000f5580000, 0x00000000f5580000)
  object space 349696K, 99% used [0x00000000e0000000,0x00000000f557fa60,0x00000000f5580000)
 Metaspace       used 54179K, committed 55232K, reserved 1105920K
  class space    used 5274K, committed 5760K, reserved 1048576K
}
Event: 1138.078 GC heap after
{Heap after GC invocations=584 (full 479):
 PSYoungGen      total 28672K, used 20479K [0x00000000f5580000, 0x00000000f7980000, 0x0000000100000000)
  eden space 20480K, 99% used [0x00000000f5580000,0x00000000f697ffe0,0x00000000f6980000)
  from space 8192K, 0% used [0x00000000f6980000,0x00000000f6980000,0x00000000f7180000)
  to   space 6144K, 0% used [0x00000000f7380000,0x00000000f7380000,0x00000000f7980000)
 ParOldGen       total 349696K, used 349694K [0x00000000e0000000, 0x00000000f5580000, 0x00000000f5580000)
  object space 349696K, 99% used [0x00000000e0000000,0x00000000f557fa60,0x00000000f5580000)
 Metaspace       used 54179K, committed 55232K, reserved 1105920K
  class space    used 5274K, committed 5760K, reserved 1048576K
}
Event: 1138.078 GC heap before
{Heap before GC invocations=585 (full 480):
 PSYoungGen      total 28672K, used 20480K [0x00000000f5580000, 0x00000000f7980000, 0x0000000100000000)
  eden space 20480K, 100% used [0x00000000f5580000,0x00000000f6980000,0x00000000f6980000)
  from space 8192K, 0% used [0x00000000f6980000,0x00000000f6980000,0x00000000f7180000)
  to   space 6144K, 0% used [0x00000000f7380000,0x00000000f7380000,0x00000000f7980000)
 ParOldGen       total 349696K, used 349694K [0x00000000e0000000, 0x00000000f5580000, 0x00000000f5580000)
  object space 349696K, 99% used [0x00000000e0000000,0x00000000f557fa60,0x00000000f5580000)
 Metaspace       used 54179K, committed 55232K, reserved 1105920K
  class space    used 5274K, committed 5760K, reserved 1048576K
}
Event: 1138.993 GC heap after
{Heap after GC invocations=585 (full 480):
 PSYoungGen      total 26624K, used 20479K [0x00000000f5580000, 0x00000000f7980000, 0x0000000100000000)
  eden space 20480K, 99% used [0x00000000f5580000,0x00000000f697fff0,0x00000000f6980000)
  from space 6144K, 0% used [0x00000000f7380000,0x00000000f7380000,0x00000000f7980000)
  to   space 8192K, 0% used [0x00000000f6980000,0x00000000f6980000,0x00000000f7180000)
 ParOldGen       total 349696K, used 349694K [0x00000000e0000000, 0x00000000f5580000, 0x00000000f5580000)
  object space 349696K, 99% used [0x00000000e0000000,0x00000000f557fa60,0x00000000f5580000)
 Metaspace       used 54179K, committed 55232K, reserved 1105920K
  class space    used 5274K, committed 5760K, reserved 1048576K
}
Event: 1138.993 GC heap before
{Heap before GC invocations=586 (full 481):
 PSYoungGen      total 26624K, used 20480K [0x00000000f5580000, 0x00000000f7980000, 0x0000000100000000)
  eden space 20480K, 100% used [0x00000000f5580000,0x00000000f6980000,0x00000000f6980000)
  from space 6144K, 0% used [0x00000000f7380000,0x00000000f7380000,0x00000000f7980000)
  to   space 8192K, 0% used [0x00000000f6980000,0x00000000f6980000,0x00000000f7180000)
 ParOldGen       total 349696K, used 349696K [0x00000000e0000000, 0x00000000f5580000, 0x00000000f5580000)
  object space 349696K, 100% used [0x00000000e0000000,0x00000000f5580000,0x00000000f5580000)
 Metaspace       used 54179K, committed 55232K, reserved 1105920K
  class space    used 5274K, committed 5760K, reserved 1048576K
}
Event: 1140.093 GC heap after
{Heap after GC invocations=586 (full 481):
 PSYoungGen      total 28672K, used 20479K [0x00000000f5580000, 0x00000000f7980000, 0x0000000100000000)
  eden space 20480K, 99% used [0x00000000f5580000,0x00000000f697ffc8,0x00000000f6980000)
  from space 8192K, 0% used [0x00000000f6980000,0x00000000f6980000,0x00000000f7180000)
  to   space 6144K, 0% used [0x00000000f7380000,0x00000000f7380000,0x00000000f7980000)
 ParOldGen       total 349696K, used 349695K [0x00000000e0000000, 0x00000000f5580000, 0x00000000f5580000)
  object space 349696K, 99% used [0x00000000e0000000,0x00000000f557fee0,0x00000000f5580000)
 Metaspace       used 54179K, committed 55232K, reserved 1105920K
  class space    used 5274K, committed 5760K, reserved 1048576K
}
Event: 1140.095 GC heap before
{Heap before GC invocations=587 (full 482):
 PSYoungGen      total 28672K, used 20480K [0x00000000f5580000, 0x00000000f7980000, 0x0000000100000000)
  eden space 20480K, 100% used [0x00000000f5580000,0x00000000f6980000,0x00000000f6980000)
  from space 8192K, 0% used [0x00000000f6980000,0x00000000f6980000,0x00000000f7180000)
  to   space 6144K, 0% used [0x00000000f7380000,0x00000000f7380000,0x00000000f7980000)
 ParOldGen       total 349696K, used 349695K [0x00000000e0000000, 0x00000000f5580000, 0x00000000f5580000)
  object space 349696K, 99% used [0x00000000e0000000,0x00000000f557fee0,0x00000000f5580000)
 Metaspace       used 54179K, committed 55232K, reserved 1105920K
  class space    used 5274K, committed 5760K, reserved 1048576K
}
Event: 1141.104 GC heap after
{Heap after GC invocations=587 (full 482):
 PSYoungGen      total 26624K, used 20480K [0x00000000f5580000, 0x00000000f7980000, 0x0000000100000000)
  eden space 20480K, 100% used [0x00000000f5580000,0x00000000f6980000,0x00000000f6980000)
  from space 6144K, 0% used [0x00000000f7380000,0x00000000f7380000,0x00000000f7980000)
  to   space 8192K, 0% used [0x00000000f6980000,0x00000000f6980000,0x00000000f7180000)
 ParOldGen       total 349696K, used 349695K [0x00000000e0000000, 0x00000000f5580000, 0x00000000f5580000)
  object space 349696K, 99% used [0x00000000e0000000,0x00000000f557fec0,0x00000000f5580000)
 Metaspace       used 54179K, committed 55232K, reserved 1105920K
  class space    used 5274K, committed 5760K, reserved 1048576K
}
Event: 1141.154 GC heap before
{Heap before GC invocations=588 (full 483):
 PSYoungGen      total 26624K, used 20480K [0x00000000f5580000, 0x00000000f7980000, 0x0000000100000000)
  eden space 20480K, 100% used [0x00000000f5580000,0x00000000f6980000,0x00000000f6980000)
  from space 6144K, 0% used [0x00000000f7380000,0x00000000f7380000,0x00000000f7980000)
  to   space 8192K, 0% used [0x00000000f6980000,0x00000000f6980000,0x00000000f7180000)
 ParOldGen       total 349696K, used 349695K [0x00000000e0000000, 0x00000000f5580000, 0x00000000f5580000)
  object space 349696K, 99% used [0x00000000e0000000,0x00000000f557ff30,0x00000000f5580000)
 Metaspace       used 54179K, committed 55232K, reserved 1105920K
  class space    used 5274K, committed 5760K, reserved 1048576K
}
Event: 1142.071 GC heap after
{Heap after GC invocations=588 (full 483):
 PSYoungGen      total 28672K, used 20479K [0x00000000f5580000, 0x00000000f7980000, 0x0000000100000000)
  eden space 20480K, 99% used [0x00000000f5580000,0x00000000f697ffc8,0x00000000f6980000)
  from space 8192K, 0% used [0x00000000f6980000,0x00000000f6980000,0x00000000f7180000)
  to   space 6144K, 0% used [0x00000000f7380000,0x00000000f7380000,0x00000000f7980000)
 ParOldGen       total 349696K, used 349695K [0x00000000e0000000, 0x00000000f5580000, 0x00000000f5580000)
  object space 349696K, 99% used [0x00000000e0000000,0x00000000f557ff30,0x00000000f5580000)
 Metaspace       used 54179K, committed 55232K, reserved 1105920K
  class space    used 5274K, committed 5760K, reserved 1048576K
}
Event: 1142.071 GC heap before
{Heap before GC invocations=589 (full 484):
 PSYoungGen      total 28672K, used 20479K [0x00000000f5580000, 0x00000000f7980000, 0x0000000100000000)
  eden space 20480K, 99% used [0x00000000f5580000,0x00000000f697ffc8,0x00000000f6980000)
  from space 8192K, 0% used [0x00000000f6980000,0x00000000f6980000,0x00000000f7180000)
  to   space 6144K, 0% used [0x00000000f7380000,0x00000000f7380000,0x00000000f7980000)
 ParOldGen       total 349696K, used 349695K [0x00000000e0000000, 0x00000000f5580000, 0x00000000f5580000)
  object space 349696K, 99% used [0x00000000e0000000,0x00000000f557ff30,0x00000000f5580000)
 Metaspace       used 54179K, committed 55232K, reserved 1105920K
  class space    used 5274K, committed 5760K, reserved 1048576K
}
Event: 1143.063 GC heap after
{Heap after GC invocations=589 (full 484):
 PSYoungGen      total 26624K, used 20479K [0x00000000f5580000, 0x00000000f7980000, 0x0000000100000000)
  eden space 20480K, 99% used [0x00000000f5580000,0x00000000f697ffc8,0x00000000f6980000)
  from space 6144K, 0% used [0x00000000f7380000,0x00000000f7380000,0x00000000f7980000)
  to   space 8192K, 0% used [0x00000000f6980000,0x00000000f6980000,0x00000000f7180000)
 ParOldGen       total 349696K, used 349695K [0x00000000e0000000, 0x00000000f5580000, 0x00000000f5580000)
  object space 349696K, 99% used [0x00000000e0000000,0x00000000f557ff30,0x00000000f5580000)
 Metaspace       used 54179K, committed 55232K, reserved 1105920K
  class space    used 5274K, committed 5760K, reserved 1048576K
}
Event: 1143.064 GC heap before
{Heap before GC invocations=590 (full 485):
 PSYoungGen      total 26624K, used 20479K [0x00000000f5580000, 0x00000000f7980000, 0x0000000100000000)
  eden space 20480K, 99% used [0x00000000f5580000,0x00000000f697fff8,0x00000000f6980000)
  from space 6144K, 0% used [0x00000000f7380000,0x00000000f7380000,0x00000000f7980000)
  to   space 8192K, 0% used [0x00000000f6980000,0x00000000f6980000,0x00000000f7180000)
 ParOldGen       total 349696K, used 349695K [0x00000000e0000000, 0x00000000f5580000, 0x00000000f5580000)
  object space 349696K, 99% used [0x00000000e0000000,0x00000000f557ffe8,0x00000000f5580000)
 Metaspace       used 54179K, committed 55232K, reserved 1105920K
  class space    used 5274K, committed 5760K, reserved 1048576K
}
Event: 1144.088 GC heap after
{Heap after GC invocations=590 (full 485):
 PSYoungGen      total 28672K, used 20479K [0x00000000f5580000, 0x00000000f7980000, 0x0000000100000000)
  eden space 20480K, 99% used [0x00000000f5580000,0x00000000f697fff8,0x00000000f6980000)
  from space 8192K, 0% used [0x00000000f6980000,0x00000000f6980000,0x00000000f7180000)
  to   space 6144K, 0% used [0x00000000f7380000,0x00000000f7380000,0x00000000f7980000)
 ParOldGen       total 349696K, used 349694K [0x00000000e0000000, 0x00000000f5580000, 0x00000000f5580000)
  object space 349696K, 99% used [0x00000000e0000000,0x00000000f557fa48,0x00000000f5580000)
 Metaspace       used 54179K, committed 55232K, reserved 1105920K
  class space    used 5274K, committed 5760K, reserved 1048576K
}
Event: 1144.089 GC heap before
{Heap before GC invocations=591 (full 486):
 PSYoungGen      total 28672K, used 20479K [0x00000000f5580000, 0x00000000f7980000, 0x0000000100000000)
  eden space 20480K, 99% used [0x00000000f5580000,0x00000000f697fff8,0x00000000f6980000)
  from space 8192K, 0% used [0x00000000f6980000,0x00000000f6980000,0x00000000f7180000)
  to   space 6144K, 0% used [0x00000000f7380000,0x00000000f7380000,0x00000000f7980000)
 ParOldGen       total 349696K, used 349695K [0x00000000e0000000, 0x00000000f5580000, 0x00000000f5580000)
  object space 349696K, 99% used [0x00000000e0000000,0x00000000f557fef0,0x00000000f5580000)
 Metaspace       used 54179K, committed 55232K, reserved 1105920K
  class space    used 5274K, committed 5760K, reserved 1048576K
}
Event: 1144.977 GC heap after
{Heap after GC invocations=591 (full 486):
 PSYoungGen      total 26624K, used 20479K [0x00000000f5580000, 0x00000000f7980000, 0x0000000100000000)
  eden space 20480K, 99% used [0x00000000f5580000,0x00000000f697fef8,0x00000000f6980000)
  from space 6144K, 0% used [0x00000000f7380000,0x00000000f7380000,0x00000000f7980000)
  to   space 8192K, 0% used [0x00000000f6980000,0x00000000f6980000,0x00000000f7180000)
 ParOldGen       total 349696K, used 349694K [0x00000000e0000000, 0x00000000f5580000, 0x00000000f5580000)
  object space 349696K, 99% used [0x00000000e0000000,0x00000000f557f968,0x00000000f5580000)
 Metaspace       used 54179K, committed 55232K, reserved 1105920K
  class space    used 5274K, committed 5760K, reserved 1048576K
}
Event: 1144.977 GC heap before
{Heap before GC invocations=592 (full 487):
 PSYoungGen      total 26624K, used 20479K [0x00000000f5580000, 0x00000000f7980000, 0x0000000100000000)
  eden space 20480K, 99% used [0x00000000f5580000,0x00000000f697fef8,0x00000000f6980000)
  from space 6144K, 0% used [0x00000000f7380000,0x00000000f7380000,0x00000000f7980000)
  to   space 8192K, 0% used [0x00000000f6980000,0x00000000f6980000,0x00000000f7180000)
 ParOldGen       total 349696K, used 349694K [0x00000000e0000000, 0x00000000f5580000, 0x00000000f5580000)
  object space 349696K, 99% used [0x00000000e0000000,0x00000000f557f968,0x00000000f5580000)
 Metaspace       used 54179K, committed 55232K, reserved 1105920K
  class space    used 5274K, committed 5760K, reserved 1048576K
}
Event: 1145.992 GC heap after
{Heap after GC invocations=592 (full 487):
 PSYoungGen      total 28672K, used 20479K [0x00000000f5580000, 0x00000000f7980000, 0x0000000100000000)
  eden space 20480K, 99% used [0x00000000f5580000,0x00000000f697fef8,0x00000000f6980000)
  from space 8192K, 0% used [0x00000000f6980000,0x00000000f6980000,0x00000000f7180000)
  to   space 6144K, 0% used [0x00000000f7380000,0x00000000f7380000,0x00000000f7980000)
 ParOldGen       total 349696K, used 349694K [0x00000000e0000000, 0x00000000f5580000, 0x00000000f5580000)
  object space 349696K, 99% used [0x00000000e0000000,0x00000000f557f968,0x00000000f5580000)
 Metaspace       used 54179K, committed 55232K, reserved 1105920K
  class space    used 5274K, committed 5760K, reserved 1048576K
}

