# JRE version: OpenJDK Runtime Environment GraalVM CE 22.3.0 (17.0.5+8) (build 17.0.5+8-jvmci-22.3-b08)
# Java VM: OpenJDK 64-Bit Server VM GraalVM CE 22.3.0 (17.0.5+8-jvmci-22.3-b08, mixed mode, sharing, tiered, jvmci, jvmci compiler, compressed oops, compressed class ptrs, parallel gc, linux-amd64)
GC Precious Log:
 CPUs: 8 total, 1 available
 Memory: 1024M
 Large Page Support: Disabled
 NUMA Support: Disabled
 Compressed Oops: Enabled (32-bit)
 Alignments: Space 512K, Generation 512K, Heap 2M
 Heap Min Capacity: 100M
 Heap Initial Capacity: 100M
 Heap Max Capacity: 512M
 Pre-touch: Disabled
 Parallel Workers: 1
Heap:
 PSYoungGen      total 40448K, used 30208K [0x00000000f5580000, 0x00000000f8a00000, 0x0000000100000000)
  eden space 30208K, 100% used [0x00000000f5580000,0x00000000f7300000,0x00000000f7300000)
  from space 10240K, 0% used [0x00000000f7300000,0x00000000f7300000,0x00000000f7d00000)
  to   space 10240K, 0% used [0x00000000f7e80000,0x00000000f7e80000,0x00000000f8880000)
 ParOldGen       total 349696K, used 349696K [0x00000000e0000000, 0x00000000f5580000, 0x00000000f5580000)
  object space 349696K, 100% used [0x00000000e0000000,0x00000000f5580000,0x00000000f5580000)
 Metaspace       used 56955K, committed 58048K, reserved 1105920K
  class space    used 5291K, committed 5696K, reserved 1048576K
GC Heap History (20 events):
Event: 660.109 GC heap before
{Heap before GC invocations=579 (full 440):
 PSYoungGen      total 40448K, used 30207K [0x00000000f5580000, 0x00000000f8a00000, 0x0000000100000000)
  eden space 30208K, 99% used [0x00000000f5580000,0x00000000f72fffe8,0x00000000f7300000)
  from space 10240K, 0% used [0x00000000f7300000,0x00000000f7300000,0x00000000f7d00000)
  to   space 10240K, 0% used [0x00000000f7e80000,0x00000000f7e80000,0x00000000f8880000)
 ParOldGen       total 349696K, used 349687K [0x00000000e0000000, 0x00000000f5580000, 0x00000000f5580000)
  object space 349696K, 99% used [0x00000000e0000000,0x00000000f557dc60,0x00000000f5580000)
 Metaspace       used 56955K, committed 58048K, reserved 1105920K
  class space    used 5291K, committed 5696K, reserved 1048576K
}
Event: 661.192 GC heap after
{Heap after GC invocations=579 (full 440):
 PSYoungGen      total 40448K, used 30207K [0x00000000f5580000, 0x00000000f8a00000, 0x0000000100000000)
  eden space 30208K, 99% used [0x00000000f5580000,0x00000000f72fffc8,0x00000000f7300000)
  from space 10240K, 0% used [0x00000000f7e80000,0x00000000f7e80000,0x00000000f8880000)
  to   space 10240K, 0% used [0x00000000f7300000,0x00000000f7300000,0x00000000f7d00000)
 ParOldGen       total 349696K, used 349687K [0x00000000e0000000, 0x00000000f5580000, 0x00000000f5580000)
  object space 349696K, 99% used [0x00000000e0000000,0x00000000f557dc60,0x00000000f5580000)
 Metaspace       used 56955K, committed 58048K, reserved 1105920K
  class space    used 5291K, committed 5696K, reserved 1048576K
}
Event: 661.192 GC heap before
{Heap before GC invocations=580 (full 441):
 PSYoungGen      total 40448K, used 30208K [0x00000000f5580000, 0x00000000f8a00000, 0x0000000100000000)
  eden space 30208K, 100% used [0x00000000f5580000,0x00000000f7300000,0x00000000f7300000)
  from space 10240K, 0% used [0x00000000f7e80000,0x00000000f7e80000,0x00000000f8880000)
  to   space 10240K, 0% used [0x00000000f7300000,0x00000000f7300000,0x00000000f7d00000)
 ParOldGen       total 349696K, used 349687K [0x00000000e0000000, 0x00000000f5580000, 0x00000000f5580000)
  object space 349696K, 99% used [0x00000000e0000000,0x00000000f557dc60,0x00000000f5580000)
 Metaspace       used 56955K, committed 58048K, reserved 1105920K
  class space    used 5291K, committed 5696K, reserved 1048576K
}
Event: 662.319 GC heap after
{Heap after GC invocations=580 (full 441):
 PSYoungGen      total 40448K, used 30208K [0x00000000f5580000, 0x00000000f8a00000, 0x0000000100000000)
  eden space 30208K, 100% used [0x00000000f5580000,0x00000000f7300000,0x00000000f7300000)
  from space 10240K, 0% used [0x00000000f7300000,0x00000000f7300000,0x00000000f7d00000)
  to   space 10240K, 0% used [0x00000000f7e80000,0x00000000f7e80000,0x00000000f8880000)
 ParOldGen       total 349696K, used 349687K [0x00000000e0000000, 0x00000000f5580000, 0x00000000f5580000)
  object space 349696K, 99% used [0x00000000e0000000,0x00000000f557dc60,0x00000000f5580000)
 Metaspace       used 56955K, committed 58048K, reserved 1105920K
  class space    used 5291K, committed 5696K, reserved 1048576K
}
Event: 662.319 GC heap before
{Heap before GC invocations=581 (full 442):
 PSYoungGen      total 40448K, used 30208K [0x00000000f5580000, 0x00000000f8a00000, 0x0000000100000000)
  eden space 30208K, 100% used [0x00000000f5580000,0x00000000f7300000,0x00000000f7300000)
  from space 10240K, 0% used [0x00000000f7300000,0x00000000f7300000,0x00000000f7d00000)
  to   space 10240K, 0% used [0x00000000f7e80000,0x00000000f7e80000,0x00000000f8880000)
 ParOldGen       total 349696K, used 349690K [0x00000000e0000000, 0x00000000f5580000, 0x00000000f5580000)
  object space 349696K, 99% used [0x00000000e0000000,0x00000000f557e908,0x00000000f5580000)
 Metaspace       used 56955K, committed 58048K, reserved 1105920K
  class space    used 5291K, committed 5696K, reserved 1048576K
}
Event: 663.407 GC heap after
{Heap after GC invocations=581 (full 442):
 PSYoungGen      total 40448K, used 30207K [0x00000000f5580000, 0x00000000f8a00000, 0x0000000100000000)
  eden space 30208K, 99% used [0x00000000f5580000,0x00000000f72fff38,0x00000000f7300000)
  from space 10240K, 0% used [0x00000000f7e80000,0x00000000f7e80000,0x00000000f8880000)
  to   space 10240K, 0% used [0x00000000f7300000,0x00000000f7300000,0x00000000f7d00000)
 ParOldGen       total 349696K, used 349689K [0x00000000e0000000, 0x00000000f5580000, 0x00000000f5580000)
  object space 349696K, 99% used [0x00000000e0000000,0x00000000f557e618,0x00000000f5580000)
 Metaspace       used 56955K, committed 58048K, reserved 1105920K
  class space    used 5291K, committed 5696K, reserved 1048576K
}
Event: 663.409 GC heap before
{Heap before GC invocations=582 (full 443):
 PSYoungGen      total 40448K, used 30207K [0x00000000f5580000, 0x00000000f8a00000, 0x0000000100000000)
  eden space 30208K, 99% used [0x00000000f5580000,0x00000000f72ffff0,0x00000000f7300000)
  from space 10240K, 0% used [0x00000000f7e80000,0x00000000f7e80000,0x00000000f8880000)
  to   space 10240K, 0% used [0x00000000f7300000,0x00000000f7300000,0x00000000f7d00000)
 ParOldGen       total 349696K, used 349689K [0x00000000e0000000, 0x00000000f5580000, 0x00000000f5580000)
  object space 349696K, 99% used [0x00000000e0000000,0x00000000f557e618,0x00000000f5580000)
 Metaspace       used 56955K, committed 58048K, reserved 1105920K
  class space    used 5291K, committed 5696K, reserved 1048576K
}
Event: 664.488 GC heap after
{Heap after GC invocations=582 (full 443):
 PSYoungGen      total 40448K, used 30207K [0x00000000f5580000, 0x00000000f8a00000, 0x0000000100000000)
  eden space 30208K, 99% used [0x00000000f5580000,0x00000000f72fffd0,0x00000000f7300000)
  from space 10240K, 0% used [0x00000000f7300000,0x00000000f7300000,0x00000000f7d00000)
  to   space 10240K, 0% used [0x00000000f7e80000,0x00000000f7e80000,0x00000000f8880000)
 ParOldGen       total 349696K, used 349689K [0x00000000e0000000, 0x00000000f5580000, 0x00000000f5580000)
  object space 349696K, 99% used [0x00000000e0000000,0x00000000f557e5d8,0x00000000f5580000)
 Metaspace       used 56955K, committed 58048K, reserved 1105920K
  class space    used 5291K, committed 5696K, reserved 1048576K
}
Event: 664.490 GC heap before
{Heap before GC invocations=583 (full 444):
 PSYoungGen      total 40448K, used 30208K [0x00000000f5580000, 0x00000000f8a00000, 0x0000000100000000)
  eden space 30208K, 100% used [0x00000000f5580000,0x00000000f7300000,0x00000000f7300000)
  from space 10240K, 0% used [0x00000000f7300000,0x00000000f7300000,0x00000000f7d00000)
  to   space 10240K, 0% used [0x00000000f7e80000,0x00000000f7e80000,0x00000000f8880000)
 ParOldGen       total 349696K, used 349693K [0x00000000e0000000, 0x00000000f5580000, 0x00000000f5580000)
  object space 349696K, 99% used [0x00000000e0000000,0x00000000f557f498,0x00000000f5580000)
 Metaspace       used 56955K, committed 58048K, reserved 1105920K
  class space    used 5291K, committed 5696K, reserved 1048576K
}
Event: 665.503 GC heap after
{Heap after GC invocations=583 (full 444):
 PSYoungGen      total 40448K, used 30207K [0x00000000f5580000, 0x00000000f8a00000, 0x0000000100000000)
  eden space 30208K, 99% used [0x00000000f5580000,0x00000000f72ffeb0,0x00000000f7300000)
  from space 10240K, 0% used [0x00000000f7e80000,0x00000000f7e80000,0x00000000f8880000)
  to   space 10240K, 0% used [0x00000000f7300000,0x00000000f7300000,0x00000000f7d00000)
 ParOldGen       total 349696K, used 349690K [0x00000000e0000000, 0x00000000f5580000, 0x00000000f5580000)
  object space 349696K, 99% used [0x00000000e0000000,0x00000000f557eba8,0x00000000f5580000)
 Metaspace       used 56955K, committed 58048K, reserved 1105920K
  class space    used 5291K, committed 5696K, reserved 1048576K
}
Event: 665.503 GC heap before
{Heap before GC invocations=584 (full 445):
 PSYoungGen      total 40448K, used 30207K [0x00000000f5580000, 0x00000000f8a00000, 0x0000000100000000)
  eden space 30208K, 99% used [0x00000000f5580000,0x00000000f72ffff8,0x00000000f7300000)
  from space 10240K, 0% used [0x00000000f7e80000,0x00000000f7e80000,0x00000000f8880000)
  to   space 10240K, 0% used [0x00000000f7300000,0x00000000f7300000,0x00000000f7d00000)
 ParOldGen       total 349696K, used 349690K [0x00000000e0000000, 0x00000000f5580000, 0x00000000f5580000)
  object space 349696K, 99% used [0x00000000e0000000,0x00000000f557eba8,0x00000000f5580000)
 Metaspace       used 56955K, committed 58048K, reserved 1105920K
  class space    used 5291K, committed 5696K, reserved 1048576K
}
Event: 666.717 GC heap after
{Heap after GC invocations=584 (full 445):
 PSYoungGen      total 40448K, used 30207K [0x00000000f5580000, 0x00000000f8a00000, 0x0000000100000000)
  eden space 30208K, 99% used [0x00000000f5580000,0x00000000f72fffd8,0x00000000f7300000)
  from space 10240K, 0% used [0x00000000f7300000,0x00000000f7300000,0x00000000f7d00000)
  to   space 10240K, 0% used [0x00000000f7e80000,0x00000000f7e80000,0x00000000f8880000)
 ParOldGen       total 349696K, used 349690K [0x00000000e0000000, 0x00000000f5580000, 0x00000000f5580000)
  object space 349696K, 99% used [0x00000000e0000000,0x00000000f557eba8,0x00000000f5580000)
 Metaspace       used 56955K, committed 58048K, reserved 1105920K
  class space    used 5291K, committed 5696K, reserved 1048576K
}
Event: 666.717 GC heap before
{Heap before GC invocations=585 (full 446):
 PSYoungGen      total 40448K, used 30207K [0x00000000f5580000, 0x00000000f8a00000, 0x0000000100000000)
  eden space 30208K, 99% used [0x00000000f5580000,0x00000000f72ffff8,0x00000000f7300000)
  from space 10240K, 0% used [0x00000000f7300000,0x00000000f7300000,0x00000000f7d00000)
  to   space 10240K, 0% used [0x00000000f7e80000,0x00000000f7e80000,0x00000000f8880000)
 ParOldGen       total 349696K, used 349690K [0x00000000e0000000, 0x00000000f5580000, 0x00000000f5580000)
  object space 349696K, 99% used [0x00000000e0000000,0x00000000f557eba8,0x00000000f5580000)
 Metaspace       used 56955K, committed 58048K, reserved 1105920K
  class space    used 5291K, committed 5696K, reserved 1048576K
}
Event: 668.043 GC heap after
{Heap after GC invocations=585 (full 446):
 PSYoungGen      total 40448K, used 30207K [0x00000000f5580000, 0x00000000f8a00000, 0x0000000100000000)
  eden space 30208K, 99% used [0x00000000f5580000,0x00000000f72ffff8,0x00000000f7300000)
  from space 10240K, 0% used [0x00000000f7e80000,0x00000000f7e80000,0x00000000f8880000)
  to   space 10240K, 0% used [0x00000000f7300000,0x00000000f7300000,0x00000000f7d00000)
 ParOldGen       total 349696K, used 349690K [0x00000000e0000000, 0x00000000f5580000, 0x00000000f5580000)
  object space 349696K, 99% used [0x00000000e0000000,0x00000000f557eba8,0x00000000f5580000)
 Metaspace       used 56955K, committed 58048K, reserved 1105920K
  class space    used 5291K, committed 5696K, reserved 1048576K
}
Event: 668.043 GC heap before
{Heap before GC invocations=586 (full 447):
 PSYoungGen      total 40448K, used 30207K [0x00000000f5580000, 0x00000000f8a00000, 0x0000000100000000)
  eden space 30208K, 99% used [0x00000000f5580000,0x00000000f72ffff8,0x00000000f7300000)
  from space 10240K, 0% used [0x00000000f7e80000,0x00000000f7e80000,0x00000000f8880000)
  to   space 10240K, 0% used [0x00000000f7300000,0x00000000f7300000,0x00000000f7d00000)
 ParOldGen       total 349696K, used 349693K [0x00000000e0000000, 0x00000000f5580000, 0x00000000f5580000)
  object space 349696K, 99% used [0x00000000e0000000,0x00000000f557f4c8,0x00000000f5580000)
 Metaspace       used 56955K, committed 58048K, reserved 1105920K
  class space    used 5291K, committed 5696K, reserved 1048576K
}
Event: 669.284 GC heap after
{Heap after GC invocations=586 (full 447):
 PSYoungGen      total 40448K, used 30207K [0x00000000f5580000, 0x00000000f8a00000, 0x0000000100000000)
  eden space 30208K, 99% used [0x00000000f5580000,0x00000000f72ffff8,0x00000000f7300000)
  from space 10240K, 0% used [0x00000000f7300000,0x00000000f7300000,0x00000000f7d00000)
  to   space 10240K, 0% used [0x00000000f7e80000,0x00000000f7e80000,0x00000000f8880000)
 ParOldGen       total 349696K, used 349693K [0x00000000e0000000, 0x00000000f5580000, 0x00000000f5580000)
  object space 349696K, 99% used [0x00000000e0000000,0x00000000f557f4c8,0x00000000f5580000)
 Metaspace       used 56955K, committed 58048K, reserved 1105920K
  class space    used 5291K, committed 5696K, reserved 1048576K
}
Event: 669.284 GC heap before
{Heap before GC invocations=587 (full 448):
 PSYoungGen      total 40448K, used 30207K [0x00000000f5580000, 0x00000000f8a00000, 0x0000000100000000)
  eden space 30208K, 99% used [0x00000000f5580000,0x00000000f72ffff8,0x00000000f7300000)
  from space 10240K, 0% used [0x00000000f7300000,0x00000000f7300000,0x00000000f7d00000)
  to   space 10240K, 0% used [0x00000000f7e80000,0x00000000f7e80000,0x00000000f8880000)
 ParOldGen       total 349696K, used 349695K [0x00000000e0000000, 0x00000000f5580000, 0x00000000f5580000)
  object space 349696K, 99% used [0x00000000e0000000,0x00000000f557ff70,0x00000000f5580000)
 Metaspace       used 56955K, committed 58048K, reserved 1105920K
  class space    used 5291K, committed 5696K, reserved 1048576K
}
Event: 670.296 GC heap after
{Heap after GC invocations=587 (full 448):
 PSYoungGen      total 40448K, used 30207K [0x00000000f5580000, 0x00000000f8a00000, 0x0000000100000000)
  eden space 30208K, 99% used [0x00000000f5580000,0x00000000f72ffff8,0x00000000f7300000)
  from space 10240K, 0% used [0x00000000f7e80000,0x00000000f7e80000,0x00000000f8880000)
  to   space 10240K, 0% used [0x00000000f7300000,0x00000000f7300000,0x00000000f7d00000)
 ParOldGen       total 349696K, used 349695K [0x00000000e0000000, 0x00000000f5580000, 0x00000000f5580000)
  object space 349696K, 99% used [0x00000000e0000000,0x00000000f557ff10,0x00000000f5580000)
 Metaspace       used 56955K, committed 58048K, reserved 1105920K
  class space    used 5291K, committed 5696K, reserved 1048576K
}
Event: 670.296 GC heap before
{Heap before GC invocations=588 (full 449):
 PSYoungGen      total 40448K, used 30207K [0x00000000f5580000, 0x00000000f8a00000, 0x0000000100000000)
  eden space 30208K, 99% used [0x00000000f5580000,0x00000000f72ffff8,0x00000000f7300000)
  from space 10240K, 0% used [0x00000000f7e80000,0x00000000f7e80000,0x00000000f8880000)
  to   space 10240K, 0% used [0x00000000f7300000,0x00000000f7300000,0x00000000f7d00000)
 ParOldGen       total 349696K, used 349695K [0x00000000e0000000, 0x00000000f5580000, 0x00000000f5580000)
  object space 349696K, 99% used [0x00000000e0000000,0x00000000f557ff10,0x00000000f5580000)
 Metaspace       used 56955K, committed 58048K, reserved 1105920K
  class space    used 5291K, committed 5696K, reserved 1048576K
}
Event: 671.382 GC heap after
{Heap after GC invocations=588 (full 449):
 PSYoungGen      total 40448K, used 30207K [0x00000000f5580000, 0x00000000f8a00000, 0x0000000100000000)
  eden space 30208K, 99% used [0x00000000f5580000,0x00000000f72fff20,0x00000000f7300000)
  from space 10240K, 0% used [0x00000000f7300000,0x00000000f7300000,0x00000000f7d00000)
  to   space 10240K, 0% used [0x00000000f7e80000,0x00000000f7e80000,0x00000000f8880000)
 ParOldGen       total 349696K, used 349695K [0x00000000e0000000, 0x00000000f5580000, 0x00000000f5580000)
  object space 349696K, 99% used [0x00000000e0000000,0x00000000f557fc90,0x00000000f5580000)
 Metaspace       used 56955K, committed 58048K, reserved 1105920K
  class space    used 5291K, committed 5696K, reserved 1048576K
}

