# JRE version: OpenJDK Runtime Environment GraalVM CE 22.3.0 (17.0.5+8) (build 17.0.5+8-jvmci-22.3-b08)
# Java VM: OpenJDK 64-Bit Server VM GraalVM CE 22.3.0 (17.0.5+8-jvmci-22.3-b08, mixed mode, sharing, tiered, jvmci, jvmci compiler, compressed oops, compressed class ptrs, parallel gc, linux-amd64)
GC Precious Log:
 CPUs: 8 total, 1 available
 Memory: 1024M
 Large Page Support: Disabled
 NUMA Support: Disabled
 Compressed Oops: Enabled (32-bit)
 Alignments: Space 512K, Generation 512K, Heap 2M
 Heap Min Capacity: 100M
 Heap Initial Capacity: 100M
 Heap Max Capacity: 512M
 Pre-touch: Disabled
 Parallel Workers: 1
Heap:
 PSYoungGen      total 50688K, used 33279K [0x00000000f5580000, 0x00000000f9a00000, 0x0000000100000000)
  eden space 33280K, 99% used [0x00000000f5580000,0x00000000f75ffff8,0x00000000f7600000)
  from space 17408K, 0% used [0x00000000f8800000,0x00000000f8800000,0x00000000f9900000)
  to   space 17920K, 0% used [0x00000000f7600000,0x00000000f7600000,0x00000000f8780000)
 ParOldGen       total 349696K, used 349695K [0x00000000e0000000, 0x00000000f5580000, 0x00000000f5580000)
  object space 349696K, 99% used [0x00000000e0000000,0x00000000f557ffb0,0x00000000f5580000)
 Metaspace       used 67241K, committed 68096K, reserved 1114112K
  class space    used 6136K, committed 6528K, reserved 1048576K
GC Heap History (20 events):
Event: 1925.965 GC heap before
{Heap before GC invocations=1246 (full 1105):
 PSYoungGen      total 50688K, used 33279K [0x00000000f5580000, 0x00000000f9a00000, 0x0000000100000000)
  eden space 33280K, 99% used [0x00000000f5580000,0x00000000f75ffff8,0x00000000f7600000)
  from space 17408K, 0% used [0x00000000f8800000,0x00000000f8800000,0x00000000f9900000)
  to   space 17920K, 0% used [0x00000000f7600000,0x00000000f7600000,0x00000000f8780000)
 ParOldGen       total 349696K, used 349694K [0x00000000e0000000, 0x00000000f5580000, 0x00000000f5580000)
  object space 349696K, 99% used [0x00000000e0000000,0x00000000f557f910,0x00000000f5580000)
 Metaspace       used 67241K, committed 68096K, reserved 1114112K
  class space    used 6136K, committed 6528K, reserved 1048576K
}
Event: 1927.058 GC heap after
{Heap after GC invocations=1246 (full 1105):
 PSYoungGen      total 51200K, used 33279K [0x00000000f5580000, 0x00000000f9a00000, 0x0000000100000000)
  eden space 33280K, 99% used [0x00000000f5580000,0x00000000f75fff90,0x00000000f7600000)
  from space 17920K, 0% used [0x00000000f7600000,0x00000000f7600000,0x00000000f8780000)
  to   space 17408K, 0% used [0x00000000f8800000,0x00000000f8800000,0x00000000f9900000)
 ParOldGen       total 349696K, used 349693K [0x00000000e0000000, 0x00000000f5580000, 0x00000000f5580000)
  object space 349696K, 99% used [0x00000000e0000000,0x00000000f557f700,0x00000000f5580000)
 Metaspace       used 67241K, committed 68096K, reserved 1114112K
  class space    used 6136K, committed 6528K, reserved 1048576K
}
Event: 1927.058 GC heap before
{Heap before GC invocations=1247 (full 1106):
 PSYoungGen      total 51200K, used 33279K [0x00000000f5580000, 0x00000000f9a00000, 0x0000000100000000)
  eden space 33280K, 99% used [0x00000000f5580000,0x00000000f75ffff8,0x00000000f7600000)
  from space 17920K, 0% used [0x00000000f7600000,0x00000000f7600000,0x00000000f8780000)
  to   space 17408K, 0% used [0x00000000f8800000,0x00000000f8800000,0x00000000f9900000)
 ParOldGen       total 349696K, used 349693K [0x00000000e0000000, 0x00000000f5580000, 0x00000000f5580000)
  object space 349696K, 99% used [0x00000000e0000000,0x00000000f557f700,0x00000000f5580000)
 Metaspace       used 67241K, committed 68096K, reserved 1114112K
  class space    used 6136K, committed 6528K, reserved 1048576K
}
Event: 1928.167 GC heap after
{Heap after GC invocations=1247 (full 1106):
 PSYoungGen      total 50688K, used 33279K [0x00000000f5580000, 0x00000000f9a00000, 0x0000000100000000)
  eden space 33280K, 99% used [0x00000000f5580000,0x00000000f75fffc0,0x00000000f7600000)
  from space 17408K, 0% used [0x00000000f8800000,0x00000000f8800000,0x00000000f9900000)
  to   space 17920K, 0% used [0x00000000f7600000,0x00000000f7600000,0x00000000f8780000)
 ParOldGen       total 349696K, used 349693K [0x00000000e0000000, 0x00000000f5580000, 0x00000000f5580000)
  object space 349696K, 99% used [0x00000000e0000000,0x00000000f557f5e8,0x00000000f5580000)
 Metaspace       used 67241K, committed 68096K, reserved 1114112K
  class space    used 6136K, committed 6528K, reserved 1048576K
}
Event: 1928.167 GC heap before
{Heap before GC invocations=1248 (full 1107):
 PSYoungGen      total 50688K, used 33280K [0x00000000f5580000, 0x00000000f9a00000, 0x0000000100000000)
  eden space 33280K, 100% used [0x00000000f5580000,0x00000000f7600000,0x00000000f7600000)
  from space 17408K, 0% used [0x00000000f8800000,0x00000000f8800000,0x00000000f9900000)
  to   space 17920K, 0% used [0x00000000f7600000,0x00000000f7600000,0x00000000f8780000)
 ParOldGen       total 349696K, used 349693K [0x00000000e0000000, 0x00000000f5580000, 0x00000000f5580000)
  object space 349696K, 99% used [0x00000000e0000000,0x00000000f557f5e8,0x00000000f5580000)
 Metaspace       used 67241K, committed 68096K, reserved 1114112K
  class space    used 6136K, committed 6528K, reserved 1048576K
}
Event: 1929.064 GC heap after
{Heap after GC invocations=1248 (full 1107):
 PSYoungGen      total 51200K, used 33279K [0x00000000f5580000, 0x00000000f9a00000, 0x0000000100000000)
  eden space 33280K, 99% used [0x00000000f5580000,0x00000000f75fffe8,0x00000000f7600000)
  from space 17920K, 0% used [0x00000000f7600000,0x00000000f7600000,0x00000000f8780000)
  to   space 17408K, 0% used [0x00000000f8800000,0x00000000f8800000,0x00000000f9900000)
 ParOldGen       total 349696K, used 349693K [0x00000000e0000000, 0x00000000f5580000, 0x00000000f5580000)
  object space 349696K, 99% used [0x00000000e0000000,0x00000000f557f5e8,0x00000000f5580000)
 Metaspace       used 67241K, committed 68096K, reserved 1114112K
  class space    used 6136K, committed 6528K, reserved 1048576K
}
Event: 1929.067 GC heap before
{Heap before GC invocations=1249 (full 1108):
 PSYoungGen      total 51200K, used 33279K [0x00000000f5580000, 0x00000000f9a00000, 0x0000000100000000)
  eden space 33280K, 99% used [0x00000000f5580000,0x00000000f75ffff8,0x00000000f7600000)
  from space 17920K, 0% used [0x00000000f7600000,0x00000000f7600000,0x00000000f8780000)
  to   space 17408K, 0% used [0x00000000f8800000,0x00000000f8800000,0x00000000f9900000)
 ParOldGen       total 349696K, used 349693K [0x00000000e0000000, 0x00000000f5580000, 0x00000000f5580000)
  object space 349696K, 99% used [0x00000000e0000000,0x00000000f557f5e8,0x00000000f5580000)
 Metaspace       used 67241K, committed 68096K, reserved 1114112K
  class space    used 6136K, committed 6528K, reserved 1048576K
}
Event: 1930.169 GC heap after
{Heap after GC invocations=1249 (full 1108):
 PSYoungGen      total 50688K, used 33279K [0x00000000f5580000, 0x00000000f9a00000, 0x0000000100000000)
  eden space 33280K, 99% used [0x00000000f5580000,0x00000000f75fffe8,0x00000000f7600000)
  from space 17408K, 0% used [0x00000000f8800000,0x00000000f8800000,0x00000000f9900000)
  to   space 17920K, 0% used [0x00000000f7600000,0x00000000f7600000,0x00000000f8780000)
 ParOldGen       total 349696K, used 349693K [0x00000000e0000000, 0x00000000f5580000, 0x00000000f5580000)
  object space 349696K, 99% used [0x00000000e0000000,0x00000000f557f5e8,0x00000000f5580000)
 Metaspace       used 67241K, committed 68096K, reserved 1114112K
  class space    used 6136K, committed 6528K, reserved 1048576K
}
Event: 1930.170 GC heap before
{Heap before GC invocations=1250 (full 1109):
 PSYoungGen      total 50688K, used 33279K [0x00000000f5580000, 0x00000000f9a00000, 0x0000000100000000)
  eden space 33280K, 99% used [0x00000000f5580000,0x00000000f75ffff8,0x00000000f7600000)
  from space 17408K, 0% used [0x00000000f8800000,0x00000000f8800000,0x00000000f9900000)
  to   space 17920K, 0% used [0x00000000f7600000,0x00000000f7600000,0x00000000f8780000)
 ParOldGen       total 349696K, used 349695K [0x00000000e0000000, 0x00000000f5580000, 0x00000000f5580000)
  object space 349696K, 99% used [0x00000000e0000000,0x00000000f557feb0,0x00000000f5580000)
 Metaspace       used 67241K, committed 68096K, reserved 1114112K
  class space    used 6136K, committed 6528K, reserved 1048576K
}
Event: 1931.350 GC heap after
{Heap after GC invocations=1250 (full 1109):
 PSYoungGen      total 51200K, used 33279K [0x00000000f5580000, 0x00000000f9a00000, 0x0000000100000000)
  eden space 33280K, 99% used [0x00000000f5580000,0x00000000f75fff68,0x00000000f7600000)
  from space 17920K, 0% used [0x00000000f7600000,0x00000000f7600000,0x00000000f8780000)
  to   space 17408K, 0% used [0x00000000f8800000,0x00000000f8800000,0x00000000f9900000)
 ParOldGen       total 349696K, used 349695K [0x00000000e0000000, 0x00000000f5580000, 0x00000000f5580000)
  object space 349696K, 99% used [0x00000000e0000000,0x00000000f557fcc0,0x00000000f5580000)
 Metaspace       used 67241K, committed 68096K, reserved 1114112K
  class space    used 6136K, committed 6528K, reserved 1048576K
}
Event: 1931.350 GC heap before
{Heap before GC invocations=1251 (full 1110):
 PSYoungGen      total 51200K, used 33279K [0x00000000f5580000, 0x00000000f9a00000, 0x0000000100000000)
  eden space 33280K, 99% used [0x00000000f5580000,0x00000000f75ffff8,0x00000000f7600000)
  from space 17920K, 0% used [0x00000000f7600000,0x00000000f7600000,0x00000000f8780000)
  to   space 17408K, 0% used [0x00000000f8800000,0x00000000f8800000,0x00000000f9900000)
 ParOldGen       total 349696K, used 349695K [0x00000000e0000000, 0x00000000f5580000, 0x00000000f5580000)
  object space 349696K, 99% used [0x00000000e0000000,0x00000000f557fcc0,0x00000000f5580000)
 Metaspace       used 67241K, committed 68096K, reserved 1114112K
  class space    used 6136K, committed 6528K, reserved 1048576K
}
Event: 1932.391 GC heap after
{Heap after GC invocations=1251 (full 1110):
 PSYoungGen      total 50688K, used 33279K [0x00000000f5580000, 0x00000000f9a00000, 0x0000000100000000)
  eden space 33280K, 99% used [0x00000000f5580000,0x00000000f75fff68,0x00000000f7600000)
  from space 17408K, 0% used [0x00000000f8800000,0x00000000f8800000,0x00000000f9900000)
  to   space 17920K, 0% used [0x00000000f7600000,0x00000000f7600000,0x00000000f8780000)
 ParOldGen       total 349696K, used 349695K [0x00000000e0000000, 0x00000000f5580000, 0x00000000f5580000)
  object space 349696K, 99% used [0x00000000e0000000,0x00000000f557fcc0,0x00000000f5580000)
 Metaspace       used 67241K, committed 68096K, reserved 1114112K
  class space    used 6136K, committed 6528K, reserved 1048576K
}
Event: 1932.391 GC heap before
{Heap before GC invocations=1252 (full 1111):
 PSYoungGen      total 50688K, used 33279K [0x00000000f5580000, 0x00000000f9a00000, 0x0000000100000000)
  eden space 33280K, 99% used [0x00000000f5580000,0x00000000f75ffff8,0x00000000f7600000)
  from space 17408K, 0% used [0x00000000f8800000,0x00000000f8800000,0x00000000f9900000)
  to   space 17920K, 0% used [0x00000000f7600000,0x00000000f7600000,0x00000000f8780000)
 ParOldGen       total 349696K, used 349695K [0x00000000e0000000, 0x00000000f5580000, 0x00000000f5580000)
  object space 349696K, 99% used [0x00000000e0000000,0x00000000f557fcc0,0x00000000f5580000)
 Metaspace       used 67241K, committed 68096K, reserved 1114112K
  class space    used 6136K, committed 6528K, reserved 1048576K
}
Event: 1933.486 GC heap after
{Heap after GC invocations=1252 (full 1111):
 PSYoungGen      total 51200K, used 33279K [0x00000000f5580000, 0x00000000f9a00000, 0x0000000100000000)
  eden space 33280K, 99% used [0x00000000f5580000,0x00000000f75fffe0,0x00000000f7600000)
  from space 17920K, 0% used [0x00000000f7600000,0x00000000f7600000,0x00000000f8780000)
  to   space 17408K, 0% used [0x00000000f8800000,0x00000000f8800000,0x00000000f9900000)
 ParOldGen       total 349696K, used 349695K [0x00000000e0000000, 0x00000000f5580000, 0x00000000f5580000)
  object space 349696K, 99% used [0x00000000e0000000,0x00000000f557fc88,0x00000000f5580000)
 Metaspace       used 67241K, committed 68096K, reserved 1114112K
  class space    used 6136K, committed 6528K, reserved 1048576K
}
Event: 1933.486 GC heap before
{Heap before GC invocations=1253 (full 1112):
 PSYoungGen      total 51200K, used 33279K [0x00000000f5580000, 0x00000000f9a00000, 0x0000000100000000)
  eden space 33280K, 99% used [0x00000000f5580000,0x00000000f75ffff8,0x00000000f7600000)
  from space 17920K, 0% used [0x00000000f7600000,0x00000000f7600000,0x00000000f8780000)
  to   space 17408K, 0% used [0x00000000f8800000,0x00000000f8800000,0x00000000f9900000)
 ParOldGen       total 349696K, used 349695K [0x00000000e0000000, 0x00000000f5580000, 0x00000000f5580000)
  object space 349696K, 99% used [0x00000000e0000000,0x00000000f557fc88,0x00000000f5580000)
 Metaspace       used 67241K, committed 68096K, reserved 1114112K
  class space    used 6136K, committed 6528K, reserved 1048576K
}
Event: 1934.661 GC heap after
{Heap after GC invocations=1253 (full 1112):
 PSYoungGen      total 50688K, used 33279K [0x00000000f5580000, 0x00000000f9a00000, 0x0000000100000000)
  eden space 33280K, 99% used [0x00000000f5580000,0x00000000f75ffff8,0x00000000f7600000)
  from space 17408K, 0% used [0x00000000f8800000,0x00000000f8800000,0x00000000f9900000)
  to   space 17920K, 0% used [0x00000000f7600000,0x00000000f7600000,0x00000000f8780000)
 ParOldGen       total 349696K, used 349695K [0x00000000e0000000, 0x00000000f5580000, 0x00000000f5580000)
  object space 349696K, 99% used [0x00000000e0000000,0x00000000f557fc88,0x00000000f5580000)
 Metaspace       used 67241K, committed 68096K, reserved 1114112K
  class space    used 6136K, committed 6528K, reserved 1048576K
}
Event: 1934.662 GC heap before
{Heap before GC invocations=1254 (full 1113):
 PSYoungGen      total 50688K, used 33279K [0x00000000f5580000, 0x00000000f9a00000, 0x0000000100000000)
  eden space 33280K, 99% used [0x00000000f5580000,0x00000000f75ffff8,0x00000000f7600000)
  from space 17408K, 0% used [0x00000000f8800000,0x00000000f8800000,0x00000000f9900000)
  to   space 17920K, 0% used [0x00000000f7600000,0x00000000f7600000,0x00000000f8780000)
 ParOldGen       total 349696K, used 349695K [0x00000000e0000000, 0x00000000f5580000, 0x00000000f5580000)
  object space 349696K, 99% used [0x00000000e0000000,0x00000000f557fd98,0x00000000f5580000)
 Metaspace       used 67241K, committed 68096K, reserved 1114112K
  class space    used 6136K, committed 6528K, reserved 1048576K
}
Event: 1935.749 GC heap after
{Heap after GC invocations=1254 (full 1113):
 PSYoungGen      total 51200K, used 33279K [0x00000000f5580000, 0x00000000f9a00000, 0x0000000100000000)
  eden space 33280K, 99% used [0x00000000f5580000,0x00000000f75ffff8,0x00000000f7600000)
  from space 17920K, 0% used [0x00000000f7600000,0x00000000f7600000,0x00000000f8780000)
  to   space 17408K, 0% used [0x00000000f8800000,0x00000000f8800000,0x00000000f9900000)
 ParOldGen       total 349696K, used 349695K [0x00000000e0000000, 0x00000000f5580000, 0x00000000f5580000)
  object space 349696K, 99% used [0x00000000e0000000,0x00000000f557fcd8,0x00000000f5580000)
 Metaspace       used 67241K, committed 68096K, reserved 1114112K
  class space    used 6136K, committed 6528K, reserved 1048576K
}
Event: 1935.749 GC heap before
{Heap before GC invocations=1255 (full 1114):
 PSYoungGen      total 51200K, used 33279K [0x00000000f5580000, 0x00000000f9a00000, 0x0000000100000000)
  eden space 33280K, 99% used [0x00000000f5580000,0x00000000f75ffff8,0x00000000f7600000)
  from space 17920K, 0% used [0x00000000f7600000,0x00000000f7600000,0x00000000f8780000)
  to   space 17408K, 0% used [0x00000000f8800000,0x00000000f8800000,0x00000000f9900000)
 ParOldGen       total 349696K, used 349695K [0x00000000e0000000, 0x00000000f5580000, 0x00000000f5580000)
  object space 349696K, 99% used [0x00000000e0000000,0x00000000f557fcd8,0x00000000f5580000)
 Metaspace       used 67241K, committed 68096K, reserved 1114112K
  class space    used 6136K, committed 6528K, reserved 1048576K
}
Event: 1936.881 GC heap after
{Heap after GC invocations=1255 (full 1114):
 PSYoungGen      total 50688K, used 33279K [0x00000000f5580000, 0x00000000f9a00000, 0x0000000100000000)
  eden space 33280K, 99% used [0x00000000f5580000,0x00000000f75ffff8,0x00000000f7600000)
  from space 17408K, 0% used [0x00000000f8800000,0x00000000f8800000,0x00000000f9900000)
  to   space 17920K, 0% used [0x00000000f7600000,0x00000000f7600000,0x00000000f8780000)
 ParOldGen       total 349696K, used 349695K [0x00000000e0000000, 0x00000000f5580000, 0x00000000f5580000)
  object space 349696K, 99% used [0x00000000e0000000,0x00000000f557fcd8,0x00000000f5580000)
 Metaspace       used 67241K, committed 68096K, reserved 1114112K
  class space    used 6136K, committed 6528K, reserved 1048576K
}

