# JRE version: OpenJDK Runtime Environment GraalVM CE 22.3.0 (17.0.5+8) (build 17.0.5+8-jvmci-22.3-b08)
# Java VM: OpenJDK 64-Bit Server VM GraalVM CE 22.3.0 (17.0.5+8-jvmci-22.3-b08, mixed mode, sharing, tiered, jvmci, jvmci compiler, compressed oops, compressed class ptrs, parallel gc, linux-amd64)
GC Precious Log:
 CPUs: 8 total, 1 available
 Memory: 1024M
 Large Page Support: Disabled
 NUMA Support: Disabled
 Compressed Oops: Enabled (32-bit)
 Alignments: Space 512K, Generation 512K, Heap 2M
 Heap Min Capacity: 100M
 Heap Initial Capacity: 100M
 Heap Max Capacity: 512M
 Pre-touch: Disabled
 Parallel Workers: 1
Heap:
 PSYoungGen      total 35328K, used 21504K [0x00000000f5580000, 0x00000000f8700000, 0x0000000100000000)
  eden space 21504K, 100% used [0x00000000f5580000,0x00000000f6a80000,0x00000000f6a80000)
  from space 13824K, 0% used [0x00000000f6a80000,0x00000000f6a80000,0x00000000f7800000)
  to   space 13824K, 0% used [0x00000000f7800000,0x00000000f7800000,0x00000000f8580000)
 ParOldGen       total 349696K, used 349695K [0x00000000e0000000, 0x00000000f5580000, 0x00000000f5580000)
  object space 349696K, 99% used [0x00000000e0000000,0x00000000f557ffd8,0x00000000f5580000)
 Metaspace       used 55044K, committed 56000K, reserved 1105920K
  class space    used 5263K, committed 5696K, reserved 1048576K
GC Heap History (20 events):
Event: 733.509 GC heap before
{Heap before GC invocations=737 (full 623):
 PSYoungGen      total 35328K, used 21503K [0x00000000f5580000, 0x00000000f8700000, 0x0000000100000000)
  eden space 21504K, 99% used [0x00000000f5580000,0x00000000f6a7fff8,0x00000000f6a80000)
  from space 13824K, 0% used [0x00000000f6a80000,0x00000000f6a80000,0x00000000f7800000)
  to   space 13824K, 0% used [0x00000000f7800000,0x00000000f7800000,0x00000000f8580000)
 ParOldGen       total 349696K, used 349693K [0x00000000e0000000, 0x00000000f5580000, 0x00000000f5580000)
  object space 349696K, 99% used [0x00000000e0000000,0x00000000f557f708,0x00000000f5580000)
 Metaspace       used 55043K, committed 56000K, reserved 1105920K
  class space    used 5263K, committed 5696K, reserved 1048576K
}
Event: 734.501 GC heap after
{Heap after GC invocations=737 (full 623):
 PSYoungGen      total 35328K, used 21503K [0x00000000f5580000, 0x00000000f8700000, 0x0000000100000000)
  eden space 21504K, 99% used [0x00000000f5580000,0x00000000f6a7ffc0,0x00000000f6a80000)
  from space 13824K, 0% used [0x00000000f7800000,0x00000000f7800000,0x00000000f8580000)
  to   space 13824K, 0% used [0x00000000f6a80000,0x00000000f6a80000,0x00000000f7800000)
 ParOldGen       total 349696K, used 349693K [0x00000000e0000000, 0x00000000f5580000, 0x00000000f5580000)
  object space 349696K, 99% used [0x00000000e0000000,0x00000000f557f708,0x00000000f5580000)
 Metaspace       used 55043K, committed 56000K, reserved 1105920K
  class space    used 5263K, committed 5696K, reserved 1048576K
}
Event: 734.501 GC heap before
{Heap before GC invocations=738 (full 624):
 PSYoungGen      total 35328K, used 21504K [0x00000000f5580000, 0x00000000f8700000, 0x0000000100000000)
  eden space 21504K, 100% used [0x00000000f5580000,0x00000000f6a80000,0x00000000f6a80000)
  from space 13824K, 0% used [0x00000000f7800000,0x00000000f7800000,0x00000000f8580000)
  to   space 13824K, 0% used [0x00000000f6a80000,0x00000000f6a80000,0x00000000f7800000)
 ParOldGen       total 349696K, used 349693K [0x00000000e0000000, 0x00000000f5580000, 0x00000000f5580000)
  object space 349696K, 99% used [0x00000000e0000000,0x00000000f557f708,0x00000000f5580000)
 Metaspace       used 55043K, committed 56000K, reserved 1105920K
  class space    used 5263K, committed 5696K, reserved 1048576K
}
Event: 735.598 GC heap after
{Heap after GC invocations=738 (full 624):
 PSYoungGen      total 35328K, used 21503K [0x00000000f5580000, 0x00000000f8700000, 0x0000000100000000)
  eden space 21504K, 99% used [0x00000000f5580000,0x00000000f6a7ffd0,0x00000000f6a80000)
  from space 13824K, 0% used [0x00000000f6a80000,0x00000000f6a80000,0x00000000f7800000)
  to   space 13824K, 0% used [0x00000000f7800000,0x00000000f7800000,0x00000000f8580000)
 ParOldGen       total 349696K, used 349693K [0x00000000e0000000, 0x00000000f5580000, 0x00000000f5580000)
  object space 349696K, 99% used [0x00000000e0000000,0x00000000f557f708,0x00000000f5580000)
 Metaspace       used 55043K, committed 56000K, reserved 1105920K
  class space    used 5263K, committed 5696K, reserved 1048576K
}
Event: 735.598 GC heap before
{Heap before GC invocations=739 (full 625):
 PSYoungGen      total 35328K, used 21503K [0x00000000f5580000, 0x00000000f8700000, 0x0000000100000000)
  eden space 21504K, 99% used [0x00000000f5580000,0x00000000f6a7fff0,0x00000000f6a80000)
  from space 13824K, 0% used [0x00000000f6a80000,0x00000000f6a80000,0x00000000f7800000)
  to   space 13824K, 0% used [0x00000000f7800000,0x00000000f7800000,0x00000000f8580000)
 ParOldGen       total 349696K, used 349693K [0x00000000e0000000, 0x00000000f5580000, 0x00000000f5580000)
  object space 349696K, 99% used [0x00000000e0000000,0x00000000f557f708,0x00000000f5580000)
 Metaspace       used 55043K, committed 56000K, reserved 1105920K
  class space    used 5263K, committed 5696K, reserved 1048576K
}
Event: 736.626 GC heap after
{Heap after GC invocations=739 (full 625):
 PSYoungGen      total 35328K, used 21503K [0x00000000f5580000, 0x00000000f8700000, 0x0000000100000000)
  eden space 21504K, 99% used [0x00000000f5580000,0x00000000f6a7ffd0,0x00000000f6a80000)
  from space 13824K, 0% used [0x00000000f7800000,0x00000000f7800000,0x00000000f8580000)
  to   space 13824K, 0% used [0x00000000f6a80000,0x00000000f6a80000,0x00000000f7800000)
 ParOldGen       total 349696K, used 349693K [0x00000000e0000000, 0x00000000f5580000, 0x00000000f5580000)
  object space 349696K, 99% used [0x00000000e0000000,0x00000000f557f708,0x00000000f5580000)
 Metaspace       used 55043K, committed 56000K, reserved 1105920K
  class space    used 5263K, committed 5696K, reserved 1048576K
}
Event: 736.627 GC heap before
{Heap before GC invocations=740 (full 626):
 PSYoungGen      total 35328K, used 21503K [0x00000000f5580000, 0x00000000f8700000, 0x0000000100000000)
  eden space 21504K, 99% used [0x00000000f5580000,0x00000000f6a7fff0,0x00000000f6a80000)
  from space 13824K, 0% used [0x00000000f7800000,0x00000000f7800000,0x00000000f8580000)
  to   space 13824K, 0% used [0x00000000f6a80000,0x00000000f6a80000,0x00000000f7800000)
 ParOldGen       total 349696K, used 349693K [0x00000000e0000000, 0x00000000f5580000, 0x00000000f5580000)
  object space 349696K, 99% used [0x00000000e0000000,0x00000000f557f708,0x00000000f5580000)
 Metaspace       used 55043K, committed 56000K, reserved 1105920K
  class space    used 5263K, committed 5696K, reserved 1048576K
}
Event: 737.682 GC heap after
{Heap after GC invocations=740 (full 626):
 PSYoungGen      total 35328K, used 21503K [0x00000000f5580000, 0x00000000f8700000, 0x0000000100000000)
  eden space 21504K, 99% used [0x00000000f5580000,0x00000000f6a7ffa0,0x00000000f6a80000)
  from space 13824K, 0% used [0x00000000f6a80000,0x00000000f6a80000,0x00000000f7800000)
  to   space 13824K, 0% used [0x00000000f7800000,0x00000000f7800000,0x00000000f8580000)
 ParOldGen       total 349696K, used 349693K [0x00000000e0000000, 0x00000000f5580000, 0x00000000f5580000)
  object space 349696K, 99% used [0x00000000e0000000,0x00000000f557f708,0x00000000f5580000)
 Metaspace       used 55043K, committed 56000K, reserved 1105920K
  class space    used 5263K, committed 5696K, reserved 1048576K
}
Event: 737.682 GC heap before
{Heap before GC invocations=741 (full 627):
 PSYoungGen      total 35328K, used 21504K [0x00000000f5580000, 0x00000000f8700000, 0x0000000100000000)
  eden space 21504K, 100% used [0x00000000f5580000,0x00000000f6a80000,0x00000000f6a80000)
  from space 13824K, 0% used [0x00000000f6a80000,0x00000000f6a80000,0x00000000f7800000)
  to   space 13824K, 0% used [0x00000000f7800000,0x00000000f7800000,0x00000000f8580000)
 ParOldGen       total 349696K, used 349693K [0x00000000e0000000, 0x00000000f5580000, 0x00000000f5580000)
  object space 349696K, 99% used [0x00000000e0000000,0x00000000f557f708,0x00000000f5580000)
 Metaspace       used 55043K, committed 56000K, reserved 1105920K
  class space    used 5263K, committed 5696K, reserved 1048576K
}
Event: 738.722 GC heap after
{Heap after GC invocations=741 (full 627):
 PSYoungGen      total 35328K, used 21504K [0x00000000f5580000, 0x00000000f8700000, 0x0000000100000000)
  eden space 21504K, 100% used [0x00000000f5580000,0x00000000f6a80000,0x00000000f6a80000)
  from space 13824K, 0% used [0x00000000f7800000,0x00000000f7800000,0x00000000f8580000)
  to   space 13824K, 0% used [0x00000000f6a80000,0x00000000f6a80000,0x00000000f7800000)
 ParOldGen       total 349696K, used 349693K [0x00000000e0000000, 0x00000000f5580000, 0x00000000f5580000)
  object space 349696K, 99% used [0x00000000e0000000,0x00000000f557f708,0x00000000f5580000)
 Metaspace       used 55043K, committed 56000K, reserved 1105920K
  class space    used 5263K, committed 5696K, reserved 1048576K
}
Event: 738.723 GC heap before
{Heap before GC invocations=742 (full 628):
 PSYoungGen      total 35328K, used 21504K [0x00000000f5580000, 0x00000000f8700000, 0x0000000100000000)
  eden space 21504K, 100% used [0x00000000f5580000,0x00000000f6a80000,0x00000000f6a80000)
  from space 13824K, 0% used [0x00000000f7800000,0x00000000f7800000,0x00000000f8580000)
  to   space 13824K, 0% used [0x00000000f6a80000,0x00000000f6a80000,0x00000000f7800000)
 ParOldGen       total 349696K, used 349695K [0x00000000e0000000, 0x00000000f5580000, 0x00000000f5580000)
  object space 349696K, 99% used [0x00000000e0000000,0x00000000f557ff60,0x00000000f5580000)
 Metaspace       used 55043K, committed 56000K, reserved 1105920K
  class space    used 5263K, committed 5696K, reserved 1048576K
}
Event: 739.795 GC heap after
{Heap after GC invocations=742 (full 628):
 PSYoungGen      total 35328K, used 21503K [0x00000000f5580000, 0x00000000f8700000, 0x0000000100000000)
  eden space 21504K, 99% used [0x00000000f5580000,0x00000000f6a7ff38,0x00000000f6a80000)
  from space 13824K, 0% used [0x00000000f6a80000,0x00000000f6a80000,0x00000000f7800000)
  to   space 13824K, 0% used [0x00000000f7800000,0x00000000f7800000,0x00000000f8580000)
 ParOldGen       total 349696K, used 349694K [0x00000000e0000000, 0x00000000f5580000, 0x00000000f5580000)
  object space 349696K, 99% used [0x00000000e0000000,0x00000000f557fb58,0x00000000f5580000)
 Metaspace       used 55043K, committed 56000K, reserved 1105920K
  class space    used 5263K, committed 5696K, reserved 1048576K
}
Event: 739.795 GC heap before
{Heap before GC invocations=743 (full 629):
 PSYoungGen      total 35328K, used 21503K [0x00000000f5580000, 0x00000000f8700000, 0x0000000100000000)
  eden space 21504K, 99% used [0x00000000f5580000,0x00000000f6a7fff8,0x00000000f6a80000)
  from space 13824K, 0% used [0x00000000f6a80000,0x00000000f6a80000,0x00000000f7800000)
  to   space 13824K, 0% used [0x00000000f7800000,0x00000000f7800000,0x00000000f8580000)
 ParOldGen       total 349696K, used 349694K [0x00000000e0000000, 0x00000000f5580000, 0x00000000f5580000)
  object space 349696K, 99% used [0x00000000e0000000,0x00000000f557fb58,0x00000000f5580000)
 Metaspace       used 55043K, committed 56000K, reserved 1105920K
  class space    used 5263K, committed 5696K, reserved 1048576K
}
Event: 740.908 GC heap after
{Heap after GC invocations=743 (full 629):
 PSYoungGen      total 35328K, used 21503K [0x00000000f5580000, 0x00000000f8700000, 0x0000000100000000)
  eden space 21504K, 99% used [0x00000000f5580000,0x00000000f6a7fff8,0x00000000f6a80000)
  from space 13824K, 0% used [0x00000000f7800000,0x00000000f7800000,0x00000000f8580000)
  to   space 13824K, 0% used [0x00000000f6a80000,0x00000000f6a80000,0x00000000f7800000)
 ParOldGen       total 349696K, used 349694K [0x00000000e0000000, 0x00000000f5580000, 0x00000000f5580000)
  object space 349696K, 99% used [0x00000000e0000000,0x00000000f557fb58,0x00000000f5580000)
 Metaspace       used 55043K, committed 56000K, reserved 1105920K
  class space    used 5263K, committed 5696K, reserved 1048576K
}
Event: 740.913 GC heap before
{Heap before GC invocations=744 (full 630):
 PSYoungGen      total 35328K, used 21503K [0x00000000f5580000, 0x00000000f8700000, 0x0000000100000000)
  eden space 21504K, 99% used [0x00000000f5580000,0x00000000f6a7fff8,0x00000000f6a80000)
  from space 13824K, 0% used [0x00000000f7800000,0x00000000f7800000,0x00000000f8580000)
  to   space 13824K, 0% used [0x00000000f6a80000,0x00000000f6a80000,0x00000000f7800000)
 ParOldGen       total 349696K, used 349695K [0x00000000e0000000, 0x00000000f5580000, 0x00000000f5580000)
  object space 349696K, 99% used [0x00000000e0000000,0x00000000f557fff8,0x00000000f5580000)
 Metaspace       used 55043K, committed 56000K, reserved 1105920K
  class space    used 5263K, committed 5696K, reserved 1048576K
}
Event: 743.906 GC heap after
{Heap after GC invocations=744 (full 630):
 PSYoungGen      total 35328K, used 21503K [0x00000000f5580000, 0x00000000f8700000, 0x0000000100000000)
  eden space 21504K, 99% used [0x00000000f5580000,0x00000000f6a7ff00,0x00000000f6a80000)
  from space 13824K, 0% used [0x00000000f6a80000,0x00000000f6a80000,0x00000000f7800000)
  to   space 13824K, 0% used [0x00000000f7800000,0x00000000f7800000,0x00000000f8580000)
 ParOldGen       total 349696K, used 349695K [0x00000000e0000000, 0x00000000f5580000, 0x00000000f5580000)
  object space 349696K, 99% used [0x00000000e0000000,0x00000000f557ffb8,0x00000000f5580000)
 Metaspace       used 55043K, committed 56000K, reserved 1105920K
  class space    used 5263K, committed 5696K, reserved 1048576K
}
Event: 743.907 GC heap before
{Heap before GC invocations=745 (full 631):
 PSYoungGen      total 35328K, used 21503K [0x00000000f5580000, 0x00000000f8700000, 0x0000000100000000)
  eden space 21504K, 99% used [0x00000000f5580000,0x00000000f6a7fff0,0x00000000f6a80000)
  from space 13824K, 0% used [0x00000000f6a80000,0x00000000f6a80000,0x00000000f7800000)
  to   space 13824K, 0% used [0x00000000f7800000,0x00000000f7800000,0x00000000f8580000)
 ParOldGen       total 349696K, used 349695K [0x00000000e0000000, 0x00000000f5580000, 0x00000000f5580000)
  object space 349696K, 99% used [0x00000000e0000000,0x00000000f557ffb8,0x00000000f5580000)
 Metaspace       used 55043K, committed 56000K, reserved 1105920K
  class space    used 5263K, committed 5696K, reserved 1048576K
}
Event: 747.496 GC heap after
{Heap after GC invocations=745 (full 631):
 PSYoungGen      total 35328K, used 21503K [0x00000000f5580000, 0x00000000f8700000, 0x0000000100000000)
  eden space 21504K, 99% used [0x00000000f5580000,0x00000000f6a7ff20,0x00000000f6a80000)
  from space 13824K, 0% used [0x00000000f7800000,0x00000000f7800000,0x00000000f8580000)
  to   space 13824K, 0% used [0x00000000f6a80000,0x00000000f6a80000,0x00000000f7800000)
 ParOldGen       total 349696K, used 349695K [0x00000000e0000000, 0x00000000f5580000, 0x00000000f5580000)
  object space 349696K, 99% used [0x00000000e0000000,0x00000000f557ff98,0x00000000f5580000)
 Metaspace       used 55043K, committed 56000K, reserved 1105920K
  class space    used 5263K, committed 5696K, reserved 1048576K
}
Event: 747.496 GC heap before
{Heap before GC invocations=746 (full 632):
 PSYoungGen      total 35328K, used 21503K [0x00000000f5580000, 0x00000000f8700000, 0x0000000100000000)
  eden space 21504K, 99% used [0x00000000f5580000,0x00000000f6a7ff20,0x00000000f6a80000)
  from space 13824K, 0% used [0x00000000f7800000,0x00000000f7800000,0x00000000f8580000)
  to   space 13824K, 0% used [0x00000000f6a80000,0x00000000f6a80000,0x00000000f7800000)
 ParOldGen       total 349696K, used 349695K [0x00000000e0000000, 0x00000000f5580000, 0x00000000f5580000)
  object space 349696K, 99% used [0x00000000e0000000,0x00000000f557ff98,0x00000000f5580000)
 Metaspace       used 55043K, committed 56000K, reserved 1105920K
  class space    used 5263K, committed 5696K, reserved 1048576K
}
Event: 751.012 GC heap after
{Heap after GC invocations=746 (full 632):
 PSYoungGen      total 35328K, used 21503K [0x00000000f5580000, 0x00000000f8700000, 0x0000000100000000)
  eden space 21504K, 99% used [0x00000000f5580000,0x00000000f6a7ff20,0x00000000f6a80000)
  from space 13824K, 0% used [0x00000000f6a80000,0x00000000f6a80000,0x00000000f7800000)
  to   space 13824K, 0% used [0x00000000f7800000,0x00000000f7800000,0x00000000f8580000)
 ParOldGen       total 349696K, used 349695K [0x00000000e0000000, 0x00000000f5580000, 0x00000000f5580000)
  object space 349696K, 99% used [0x00000000e0000000,0x00000000f557ff98,0x00000000f5580000)
 Metaspace       used 55043K, committed 56000K, reserved 1105920K
  class space    used 5263K, committed 5696K, reserved 1048576K
}

