# JRE version: OpenJDK Runtime Environment GraalVM CE 22.3.0 (17.0.5+8) (build 17.0.5+8-jvmci-22.3-b08)
# Java VM: OpenJDK 64-Bit Server VM GraalVM CE 22.3.0 (17.0.5+8-jvmci-22.3-b08, mixed mode, sharing, tiered, jvmci, jvmci compiler, compressed oops, compressed class ptrs, parallel gc, linux-amd64)
GC Precious Log:
 CPUs: 8 total, 1 available
 Memory: 1024M
 Large Page Support: Disabled
 NUMA Support: Disabled
 Compressed Oops: Enabled (32-bit)
 Alignments: Space 512K, Generation 512K, Heap 2M
 Heap Min Capacity: 100M
 Heap Initial Capacity: 100M
 Heap Max Capacity: 512M
 Pre-touch: Disabled
 Parallel Workers: 1
Heap:
 PSYoungGen      total 24064K, used 12287K [0x00000000f5580000, 0x00000000f7900000, 0x0000000100000000)
  eden space 12288K, 99% used [0x00000000f5580000,0x00000000f617fff0,0x00000000f6180000)
  from space 11776K, 0% used [0x00000000f6180000,0x00000000f6180000,0x00000000f6d00000)
  to   space 11264K, 0% used [0x00000000f6d80000,0x00000000f6d80000,0x00000000f7880000)
 ParOldGen       total 349696K, used 349695K [0x00000000e0000000, 0x00000000f5580000, 0x00000000f5580000)
  object space 349696K, 99% used [0x00000000e0000000,0x00000000f557fff8,0x00000000f5580000)
 Metaspace       used 61916K, committed 63040K, reserved 1105920K
  class space    used 5708K, committed 6144K, reserved 1048576K
GC Heap History (20 events):
Event: 1160.343 GC heap before
{Heap before GC invocations=876 (full 760):
 PSYoungGen      total 24064K, used 12287K [0x00000000f5580000, 0x00000000f7900000, 0x0000000100000000)
  eden space 12288K, 99% used [0x00000000f5580000,0x00000000f617fff0,0x00000000f6180000)
  from space 11776K, 0% used [0x00000000f6180000,0x00000000f6180000,0x00000000f6d00000)
  to   space 11264K, 0% used [0x00000000f6d80000,0x00000000f6d80000,0x00000000f7880000)
 ParOldGen       total 349696K, used 349695K [0x00000000e0000000, 0x00000000f5580000, 0x00000000f5580000)
  object space 349696K, 99% used [0x00000000e0000000,0x00000000f557fff8,0x00000000f5580000)
 Metaspace       used 61915K, committed 63040K, reserved 1105920K
  class space    used 5708K, committed 6144K, reserved 1048576K
}
Event: 1161.622 GC heap after
{Heap after GC invocations=876 (full 760):
 PSYoungGen      total 23552K, used 12287K [0x00000000f5580000, 0x00000000f7900000, 0x0000000100000000)
  eden space 12288K, 99% used [0x00000000f5580000,0x00000000f617fff0,0x00000000f6180000)
  from space 11264K, 0% used [0x00000000f6d80000,0x00000000f6d80000,0x00000000f7880000)
  to   space 11776K, 0% used [0x00000000f6180000,0x00000000f6180000,0x00000000f6d00000)
 ParOldGen       total 349696K, used 349695K [0x00000000e0000000, 0x00000000f5580000, 0x00000000f5580000)
  object space 349696K, 99% used [0x00000000e0000000,0x00000000f557fff8,0x00000000f5580000)
 Metaspace       used 61915K, committed 63040K, reserved 1105920K
  class space    used 5708K, committed 6144K, reserved 1048576K
}
Event: 1161.622 GC heap before
{Heap before GC invocations=877 (full 761):
 PSYoungGen      total 23552K, used 12287K [0x00000000f5580000, 0x00000000f7900000, 0x0000000100000000)
  eden space 12288K, 99% used [0x00000000f5580000,0x00000000f617fff0,0x00000000f6180000)
  from space 11264K, 0% used [0x00000000f6d80000,0x00000000f6d80000,0x00000000f7880000)
  to   space 11776K, 0% used [0x00000000f6180000,0x00000000f6180000,0x00000000f6d00000)
 ParOldGen       total 349696K, used 349695K [0x00000000e0000000, 0x00000000f5580000, 0x00000000f5580000)
  object space 349696K, 99% used [0x00000000e0000000,0x00000000f557fff8,0x00000000f5580000)
 Metaspace       used 61915K, committed 63040K, reserved 1105920K
  class space    used 5708K, committed 6144K, reserved 1048576K
}
Event: 1162.912 GC heap after
{Heap after GC invocations=877 (full 761):
 PSYoungGen      total 24064K, used 12287K [0x00000000f5580000, 0x00000000f7900000, 0x0000000100000000)
  eden space 12288K, 99% used [0x00000000f5580000,0x00000000f617fff0,0x00000000f6180000)
  from space 11776K, 0% used [0x00000000f6180000,0x00000000f6180000,0x00000000f6d00000)
  to   space 11264K, 0% used [0x00000000f6d80000,0x00000000f6d80000,0x00000000f7880000)
 ParOldGen       total 349696K, used 349695K [0x00000000e0000000, 0x00000000f5580000, 0x00000000f5580000)
  object space 349696K, 99% used [0x00000000e0000000,0x00000000f557fff8,0x00000000f5580000)
 Metaspace       used 61915K, committed 63040K, reserved 1105920K
  class space    used 5708K, committed 6144K, reserved 1048576K
}
Event: 1162.913 GC heap before
{Heap before GC invocations=878 (full 762):
 PSYoungGen      total 24064K, used 12287K [0x00000000f5580000, 0x00000000f7900000, 0x0000000100000000)
  eden space 12288K, 99% used [0x00000000f5580000,0x00000000f617fff0,0x00000000f6180000)
  from space 11776K, 0% used [0x00000000f6180000,0x00000000f6180000,0x00000000f6d00000)
  to   space 11264K, 0% used [0x00000000f6d80000,0x00000000f6d80000,0x00000000f7880000)
 ParOldGen       total 349696K, used 349695K [0x00000000e0000000, 0x00000000f5580000, 0x00000000f5580000)
  object space 349696K, 99% used [0x00000000e0000000,0x00000000f557fff8,0x00000000f5580000)
 Metaspace       used 61915K, committed 63040K, reserved 1105920K
  class space    used 5708K, committed 6144K, reserved 1048576K
}
Event: 1164.167 GC heap after
{Heap after GC invocations=878 (full 762):
 PSYoungGen      total 23552K, used 12287K [0x00000000f5580000, 0x00000000f7900000, 0x0000000100000000)
  eden space 12288K, 99% used [0x00000000f5580000,0x00000000f617ffd0,0x00000000f6180000)
  from space 11264K, 0% used [0x00000000f6d80000,0x00000000f6d80000,0x00000000f7880000)
  to   space 11776K, 0% used [0x00000000f6180000,0x00000000f6180000,0x00000000f6d00000)
 ParOldGen       total 349696K, used 349694K [0x00000000e0000000, 0x00000000f5580000, 0x00000000f5580000)
  object space 349696K, 99% used [0x00000000e0000000,0x00000000f557fa58,0x00000000f5580000)
 Metaspace       used 61915K, committed 63040K, reserved 1105920K
  class space    used 5708K, committed 6144K, reserved 1048576K
}
Event: 1164.168 GC heap before
{Heap before GC invocations=879 (full 763):
 PSYoungGen      total 23552K, used 12287K [0x00000000f5580000, 0x00000000f7900000, 0x0000000100000000)
  eden space 12288K, 99% used [0x00000000f5580000,0x00000000f617fff0,0x00000000f6180000)
  from space 11264K, 0% used [0x00000000f6d80000,0x00000000f6d80000,0x00000000f7880000)
  to   space 11776K, 0% used [0x00000000f6180000,0x00000000f6180000,0x00000000f6d00000)
 ParOldGen       total 349696K, used 349694K [0x00000000e0000000, 0x00000000f5580000, 0x00000000f5580000)
  object space 349696K, 99% used [0x00000000e0000000,0x00000000f557fa58,0x00000000f5580000)
 Metaspace       used 61915K, committed 63040K, reserved 1105920K
  class space    used 5708K, committed 6144K, reserved 1048576K
}
Event: 1165.500 GC heap after
{Heap after GC invocations=879 (full 763):
 PSYoungGen      total 24064K, used 12287K [0x00000000f5580000, 0x00000000f7900000, 0x0000000100000000)
  eden space 12288K, 99% used [0x00000000f5580000,0x00000000f617fff0,0x00000000f6180000)
  from space 11776K, 0% used [0x00000000f6180000,0x00000000f6180000,0x00000000f6d00000)
  to   space 11264K, 0% used [0x00000000f6d80000,0x00000000f6d80000,0x00000000f7880000)
 ParOldGen       total 349696K, used 349694K [0x00000000e0000000, 0x00000000f5580000, 0x00000000f5580000)
  object space 349696K, 99% used [0x00000000e0000000,0x00000000f557fa58,0x00000000f5580000)
 Metaspace       used 61915K, committed 63040K, reserved 1105920K
  class space    used 5708K, committed 6144K, reserved 1048576K
}
Event: 1165.503 GC heap before
{Heap before GC invocations=880 (full 764):
 PSYoungGen      total 24064K, used 12287K [0x00000000f5580000, 0x00000000f7900000, 0x0000000100000000)
  eden space 12288K, 99% used [0x00000000f5580000,0x00000000f617fff0,0x00000000f6180000)
  from space 11776K, 0% used [0x00000000f6180000,0x00000000f6180000,0x00000000f6d00000)
  to   space 11264K, 0% used [0x00000000f6d80000,0x00000000f6d80000,0x00000000f7880000)
 ParOldGen       total 349696K, used 349695K [0x00000000e0000000, 0x00000000f5580000, 0x00000000f5580000)
  object space 349696K, 99% used [0x00000000e0000000,0x00000000f557fff0,0x00000000f5580000)
 Metaspace       used 61915K, committed 63040K, reserved 1105920K
  class space    used 5708K, committed 6144K, reserved 1048576K
}
Event: 1166.818 GC heap after
{Heap after GC invocations=880 (full 764):
 PSYoungGen      total 23552K, used 12287K [0x00000000f5580000, 0x00000000f7900000, 0x0000000100000000)
  eden space 12288K, 99% used [0x00000000f5580000,0x00000000f617ff70,0x00000000f6180000)
  from space 11264K, 0% used [0x00000000f6d80000,0x00000000f6d80000,0x00000000f7880000)
  to   space 11776K, 0% used [0x00000000f6180000,0x00000000f6180000,0x00000000f6d00000)
 ParOldGen       total 349696K, used 349695K [0x00000000e0000000, 0x00000000f5580000, 0x00000000f5580000)
  object space 349696K, 99% used [0x00000000e0000000,0x00000000f557ff18,0x00000000f5580000)
 Metaspace       used 61915K, committed 63040K, reserved 1105920K
  class space    used 5708K, committed 6144K, reserved 1048576K
}
Event: 1166.819 GC heap before
{Heap before GC invocations=881 (full 765):
 PSYoungGen      total 23552K, used 12287K [0x00000000f5580000, 0x00000000f7900000, 0x0000000100000000)
  eden space 12288K, 99% used [0x00000000f5580000,0x00000000f617fff8,0x00000000f6180000)
  from space 11264K, 0% used [0x00000000f6d80000,0x00000000f6d80000,0x00000000f7880000)
  to   space 11776K, 0% used [0x00000000f6180000,0x00000000f6180000,0x00000000f6d00000)
 ParOldGen       total 349696K, used 349695K [0x00000000e0000000, 0x00000000f5580000, 0x00000000f5580000)
  object space 349696K, 99% used [0x00000000e0000000,0x00000000f557ff18,0x00000000f5580000)
 Metaspace       used 61916K, committed 63040K, reserved 1105920K
  class space    used 5708K, committed 6144K, reserved 1048576K
}
Event: 1168.202 GC heap after
{Heap after GC invocations=881 (full 765):
 PSYoungGen      total 24064K, used 12287K [0x00000000f5580000, 0x00000000f7900000, 0x0000000100000000)
  eden space 12288K, 99% used [0x00000000f5580000,0x00000000f617fff8,0x00000000f6180000)
  from space 11776K, 0% used [0x00000000f6180000,0x00000000f6180000,0x00000000f6d00000)
  to   space 11264K, 0% used [0x00000000f6d80000,0x00000000f6d80000,0x00000000f7880000)
 ParOldGen       total 349696K, used 349695K [0x00000000e0000000, 0x00000000f5580000, 0x00000000f5580000)
  object space 349696K, 99% used [0x00000000e0000000,0x00000000f557fed8,0x00000000f5580000)
 Metaspace       used 61916K, committed 63040K, reserved 1105920K
  class space    used 5708K, committed 6144K, reserved 1048576K
}
Event: 1168.202 GC heap before
{Heap before GC invocations=882 (full 766):
 PSYoungGen      total 24064K, used 12287K [0x00000000f5580000, 0x00000000f7900000, 0x0000000100000000)
  eden space 12288K, 99% used [0x00000000f5580000,0x00000000f617fff8,0x00000000f6180000)
  from space 11776K, 0% used [0x00000000f6180000,0x00000000f6180000,0x00000000f6d00000)
  to   space 11264K, 0% used [0x00000000f6d80000,0x00000000f6d80000,0x00000000f7880000)
 ParOldGen       total 349696K, used 349696K [0x00000000e0000000, 0x00000000f5580000, 0x00000000f5580000)
  object space 349696K, 100% used [0x00000000e0000000,0x00000000f5580000,0x00000000f5580000)
 Metaspace       used 61916K, committed 63040K, reserved 1105920K
  class space    used 5708K, committed 6144K, reserved 1048576K
}
Event: 1169.526 GC heap after
{Heap after GC invocations=882 (full 766):
 PSYoungGen      total 23552K, used 12287K [0x00000000f5580000, 0x00000000f7900000, 0x0000000100000000)
  eden space 12288K, 99% used [0x00000000f5580000,0x00000000f617ffd8,0x00000000f6180000)
  from space 11264K, 0% used [0x00000000f6d80000,0x00000000f6d80000,0x00000000f7880000)
  to   space 11776K, 0% used [0x00000000f6180000,0x00000000f6180000,0x00000000f6d00000)
 ParOldGen       total 349696K, used 349696K [0x00000000e0000000, 0x00000000f5580000, 0x00000000f5580000)
  object space 349696K, 100% used [0x00000000e0000000,0x00000000f5580000,0x00000000f5580000)
 Metaspace       used 61916K, committed 63040K, reserved 1105920K
  class space    used 5708K, committed 6144K, reserved 1048576K
}
Event: 1169.526 GC heap before
{Heap before GC invocations=883 (full 767):
 PSYoungGen      total 23552K, used 12287K [0x00000000f5580000, 0x00000000f7900000, 0x0000000100000000)
  eden space 12288K, 99% used [0x00000000f5580000,0x00000000f617fff0,0x00000000f6180000)
  from space 11264K, 0% used [0x00000000f6d80000,0x00000000f6d80000,0x00000000f7880000)
  to   space 11776K, 0% used [0x00000000f6180000,0x00000000f6180000,0x00000000f6d00000)
 ParOldGen       total 349696K, used 349696K [0x00000000e0000000, 0x00000000f5580000, 0x00000000f5580000)
  object space 349696K, 100% used [0x00000000e0000000,0x00000000f5580000,0x00000000f5580000)
 Metaspace       used 61916K, committed 63040K, reserved 1105920K
  class space    used 5708K, committed 6144K, reserved 1048576K
}
Event: 1170.841 GC heap after
{Heap after GC invocations=883 (full 767):
 PSYoungGen      total 24064K, used 12287K [0x00000000f5580000, 0x00000000f7900000, 0x0000000100000000)
  eden space 12288K, 99% used [0x00000000f5580000,0x00000000f617fff0,0x00000000f6180000)
  from space 11776K, 0% used [0x00000000f6180000,0x00000000f6180000,0x00000000f6d00000)
  to   space 11264K, 0% used [0x00000000f6d80000,0x00000000f6d80000,0x00000000f7880000)
 ParOldGen       total 349696K, used 349695K [0x00000000e0000000, 0x00000000f5580000, 0x00000000f5580000)
  object space 349696K, 99% used [0x00000000e0000000,0x00000000f557ffe0,0x00000000f5580000)
 Metaspace       used 61916K, committed 63040K, reserved 1105920K
  class space    used 5708K, committed 6144K, reserved 1048576K
}
Event: 1170.841 GC heap before
{Heap before GC invocations=884 (full 768):
 PSYoungGen      total 24064K, used 12287K [0x00000000f5580000, 0x00000000f7900000, 0x0000000100000000)
  eden space 12288K, 99% used [0x00000000f5580000,0x00000000f617fff0,0x00000000f6180000)
  from space 11776K, 0% used [0x00000000f6180000,0x00000000f6180000,0x00000000f6d00000)
  to   space 11264K, 0% used [0x00000000f6d80000,0x00000000f6d80000,0x00000000f7880000)
 ParOldGen       total 349696K, used 349695K [0x00000000e0000000, 0x00000000f5580000, 0x00000000f5580000)
  object space 349696K, 99% used [0x00000000e0000000,0x00000000f557fff8,0x00000000f5580000)
 Metaspace       used 61916K, committed 63040K, reserved 1105920K
  class space    used 5708K, committed 6144K, reserved 1048576K
}
Event: 1172.046 GC heap after
{Heap after GC invocations=884 (full 768):
 PSYoungGen      total 23552K, used 12287K [0x00000000f5580000, 0x00000000f7900000, 0x0000000100000000)
  eden space 12288K, 99% used [0x00000000f5580000,0x00000000f617fff0,0x00000000f6180000)
  from space 11264K, 0% used [0x00000000f6d80000,0x00000000f6d80000,0x00000000f7880000)
  to   space 11776K, 0% used [0x00000000f6180000,0x00000000f6180000,0x00000000f6d00000)
 ParOldGen       total 349696K, used 349695K [0x00000000e0000000, 0x00000000f5580000, 0x00000000f5580000)
  object space 349696K, 99% used [0x00000000e0000000,0x00000000f557fff8,0x00000000f5580000)
 Metaspace       used 61916K, committed 63040K, reserved 1105920K
  class space    used 5708K, committed 6144K, reserved 1048576K
}
Event: 1172.046 GC heap before
{Heap before GC invocations=885 (full 769):
 PSYoungGen      total 23552K, used 12287K [0x00000000f5580000, 0x00000000f7900000, 0x0000000100000000)
  eden space 12288K, 99% used [0x00000000f5580000,0x00000000f617fff0,0x00000000f6180000)
  from space 11264K, 0% used [0x00000000f6d80000,0x00000000f6d80000,0x00000000f7880000)
  to   space 11776K, 0% used [0x00000000f6180000,0x00000000f6180000,0x00000000f6d00000)
 ParOldGen       total 349696K, used 349695K [0x00000000e0000000, 0x00000000f5580000, 0x00000000f5580000)
  object space 349696K, 99% used [0x00000000e0000000,0x00000000f557fff8,0x00000000f5580000)
 Metaspace       used 61916K, committed 63040K, reserved 1105920K
  class space    used 5708K, committed 6144K, reserved 1048576K
}
Event: 1173.421 GC heap after
{Heap after GC invocations=885 (full 769):
 PSYoungGen      total 24064K, used 12287K [0x00000000f5580000, 0x00000000f7900000, 0x0000000100000000)
  eden space 12288K, 99% used [0x00000000f5580000,0x00000000f617fff0,0x00000000f6180000)
  from space 11776K, 0% used [0x00000000f6180000,0x00000000f6180000,0x00000000f6d00000)
  to   space 11264K, 0% used [0x00000000f6d80000,0x00000000f6d80000,0x00000000f7880000)
 ParOldGen       total 349696K, used 349695K [0x00000000e0000000, 0x00000000f5580000, 0x00000000f5580000)
  object space 349696K, 99% used [0x00000000e0000000,0x00000000f557fff8,0x00000000f5580000)
 Metaspace       used 61916K, committed 63040K, reserved 1105920K
  class space    used 5708K, committed 6144K, reserved 1048576K
}

