# JRE version: OpenJDK Runtime Environment GraalVM CE 22.3.0 (17.0.5+8) (build 17.0.5+8-jvmci-22.3-b08)
# Java VM: OpenJDK 64-Bit Server VM GraalVM CE 22.3.0 (17.0.5+8-jvmci-22.3-b08, mixed mode, sharing, tiered, jvmci, jvmci compiler, compressed oops, compressed class ptrs, parallel gc, linux-amd64)
GC Precious Log:
 CPUs: 8 total, 1 available
 Memory: 1024M
 Large Page Support: Disabled
 NUMA Support: Disabled
 Compressed Oops: Enabled (32-bit)
 Alignments: Space 512K, Generation 512K, Heap 2M
 Heap Min Capacity: 100M
 Heap Initial Capacity: 100M
 Heap Max Capacity: 512M
 Pre-touch: Disabled
 Parallel Workers: 1
Heap:
 PSYoungGen      total 55808K, used 41984K [0x00000000f5580000, 0x00000000f9a80000, 0x0000000100000000)
  eden space 41984K, 100% used [0x00000000f5580000,0x00000000f7e80000,0x00000000f7e80000)
  from space 13824K, 0% used [0x00000000f7e80000,0x00000000f7e80000,0x00000000f8c00000)
  to   space 11264K, 0% used [0x00000000f8d00000,0x00000000f8d00000,0x00000000f9800000)
 ParOldGen       total 349696K, used 349695K [0x00000000e0000000, 0x00000000f5580000, 0x00000000f5580000)
  object space 349696K, 99% used [0x00000000e0000000,0x00000000f557fe80,0x00000000f5580000)
 Metaspace       used 67025K, committed 68096K, reserved 1114112K
  class space    used 6157K, committed 6656K, reserved 1048576K
GC Heap History (20 events):
Event: 1279.112 GC heap before
{Heap before GC invocations=1061 (full 897):
 PSYoungGen      total 55808K, used 41984K [0x00000000f5580000, 0x00000000f9a80000, 0x0000000100000000)
  eden space 41984K, 100% used [0x00000000f5580000,0x00000000f7e80000,0x00000000f7e80000)
  from space 13824K, 0% used [0x00000000f7e80000,0x00000000f7e80000,0x00000000f8c00000)
  to   space 11264K, 0% used [0x00000000f8d00000,0x00000000f8d00000,0x00000000f9800000)
 ParOldGen       total 349696K, used 349694K [0x00000000e0000000, 0x00000000f5580000, 0x00000000f5580000)
  object space 349696K, 99% used [0x00000000e0000000,0x00000000f557f808,0x00000000f5580000)
 Metaspace       used 67025K, committed 68096K, reserved 1114112K
  class space    used 6157K, committed 6656K, reserved 1048576K
}
Event: 1280.044 GC heap after
{Heap after GC invocations=1061 (full 897):
 PSYoungGen      total 53248K, used 41983K [0x00000000f5580000, 0x00000000f9a80000, 0x0000000100000000)
  eden space 41984K, 99% used [0x00000000f5580000,0x00000000f7e7ffe0,0x00000000f7e80000)
  from space 11264K, 0% used [0x00000000f8d00000,0x00000000f8d00000,0x00000000f9800000)
  to   space 13824K, 0% used [0x00000000f7e80000,0x00000000f7e80000,0x00000000f8c00000)
 ParOldGen       total 349696K, used 349694K [0x00000000e0000000, 0x00000000f5580000, 0x00000000f5580000)
  object space 349696K, 99% used [0x00000000e0000000,0x00000000f557f808,0x00000000f5580000)
 Metaspace       used 67025K, committed 68096K, reserved 1114112K
  class space    used 6157K, committed 6656K, reserved 1048576K
}
Event: 1280.044 GC heap before
{Heap before GC invocations=1062 (full 898):
 PSYoungGen      total 53248K, used 41983K [0x00000000f5580000, 0x00000000f9a80000, 0x0000000100000000)
  eden space 41984K, 99% used [0x00000000f5580000,0x00000000f7e7fff8,0x00000000f7e80000)
  from space 11264K, 0% used [0x00000000f8d00000,0x00000000f8d00000,0x00000000f9800000)
  to   space 13824K, 0% used [0x00000000f7e80000,0x00000000f7e80000,0x00000000f8c00000)
 ParOldGen       total 349696K, used 349695K [0x00000000e0000000, 0x00000000f5580000, 0x00000000f5580000)
  object space 349696K, 99% used [0x00000000e0000000,0x00000000f557fff8,0x00000000f5580000)
 Metaspace       used 67025K, committed 68096K, reserved 1114112K
  class space    used 6157K, committed 6656K, reserved 1048576K
}
Event: 1281.219 GC heap after
{Heap after GC invocations=1062 (full 898):
 PSYoungGen      total 55808K, used 41983K [0x00000000f5580000, 0x00000000f9a80000, 0x0000000100000000)
  eden space 41984K, 99% used [0x00000000f5580000,0x00000000f7e7fe48,0x00000000f7e80000)
  from space 13824K, 0% used [0x00000000f7e80000,0x00000000f7e80000,0x00000000f8c00000)
  to   space 11264K, 0% used [0x00000000f8d00000,0x00000000f8d00000,0x00000000f9800000)
 ParOldGen       total 349696K, used 349694K [0x00000000e0000000, 0x00000000f5580000, 0x00000000f5580000)
  object space 349696K, 99% used [0x00000000e0000000,0x00000000f557f9a8,0x00000000f5580000)
 Metaspace       used 67025K, committed 68096K, reserved 1114112K
  class space    used 6157K, committed 6656K, reserved 1048576K
}
Event: 1281.222 GC heap before
{Heap before GC invocations=1063 (full 899):
 PSYoungGen      total 55808K, used 41984K [0x00000000f5580000, 0x00000000f9a80000, 0x0000000100000000)
  eden space 41984K, 100% used [0x00000000f5580000,0x00000000f7e80000,0x00000000f7e80000)
  from space 13824K, 0% used [0x00000000f7e80000,0x00000000f7e80000,0x00000000f8c00000)
  to   space 11264K, 0% used [0x00000000f8d00000,0x00000000f8d00000,0x00000000f9800000)
 ParOldGen       total 349696K, used 349694K [0x00000000e0000000, 0x00000000f5580000, 0x00000000f5580000)
  object space 349696K, 99% used [0x00000000e0000000,0x00000000f557f9a8,0x00000000f5580000)
 Metaspace       used 67025K, committed 68096K, reserved 1114112K
  class space    used 6157K, committed 6656K, reserved 1048576K
}
Event: 1282.345 GC heap after
{Heap after GC invocations=1063 (full 899):
 PSYoungGen      total 53248K, used 41983K [0x00000000f5580000, 0x00000000f9a80000, 0x0000000100000000)
  eden space 41984K, 99% used [0x00000000f5580000,0x00000000f7e7ffd8,0x00000000f7e80000)
  from space 11264K, 0% used [0x00000000f8d00000,0x00000000f8d00000,0x00000000f9800000)
  to   space 13824K, 0% used [0x00000000f7e80000,0x00000000f7e80000,0x00000000f8c00000)
 ParOldGen       total 349696K, used 349694K [0x00000000e0000000, 0x00000000f5580000, 0x00000000f5580000)
  object space 349696K, 99% used [0x00000000e0000000,0x00000000f557f988,0x00000000f5580000)
 Metaspace       used 67025K, committed 68096K, reserved 1114112K
  class space    used 6157K, committed 6656K, reserved 1048576K
}
Event: 1282.345 GC heap before
{Heap before GC invocations=1064 (full 900):
 PSYoungGen      total 53248K, used 41983K [0x00000000f5580000, 0x00000000f9a80000, 0x0000000100000000)
  eden space 41984K, 99% used [0x00000000f5580000,0x00000000f7e7fff0,0x00000000f7e80000)
  from space 11264K, 0% used [0x00000000f8d00000,0x00000000f8d00000,0x00000000f9800000)
  to   space 13824K, 0% used [0x00000000f7e80000,0x00000000f7e80000,0x00000000f8c00000)
 ParOldGen       total 349696K, used 349694K [0x00000000e0000000, 0x00000000f5580000, 0x00000000f5580000)
  object space 349696K, 99% used [0x00000000e0000000,0x00000000f557f988,0x00000000f5580000)
 Metaspace       used 67025K, committed 68096K, reserved 1114112K
  class space    used 6157K, committed 6656K, reserved 1048576K
}
Event: 1283.349 GC heap after
{Heap after GC invocations=1064 (full 900):
 PSYoungGen      total 55808K, used 41983K [0x00000000f5580000, 0x00000000f9a80000, 0x0000000100000000)
  eden space 41984K, 99% used [0x00000000f5580000,0x00000000f7e7ffd0,0x00000000f7e80000)
  from space 13824K, 0% used [0x00000000f7e80000,0x00000000f7e80000,0x00000000f8c00000)
  to   space 11264K, 0% used [0x00000000f8d00000,0x00000000f8d00000,0x00000000f9800000)
 ParOldGen       total 349696K, used 349694K [0x00000000e0000000, 0x00000000f5580000, 0x00000000f5580000)
  object space 349696K, 99% used [0x00000000e0000000,0x00000000f557f988,0x00000000f5580000)
 Metaspace       used 67025K, committed 68096K, reserved 1114112K
  class space    used 6157K, committed 6656K, reserved 1048576K
}
Event: 1283.349 GC heap before
{Heap before GC invocations=1065 (full 901):
 PSYoungGen      total 55808K, used 41984K [0x00000000f5580000, 0x00000000f9a80000, 0x0000000100000000)
  eden space 41984K, 100% used [0x00000000f5580000,0x00000000f7e80000,0x00000000f7e80000)
  from space 13824K, 0% used [0x00000000f7e80000,0x00000000f7e80000,0x00000000f8c00000)
  to   space 11264K, 0% used [0x00000000f8d00000,0x00000000f8d00000,0x00000000f9800000)
 ParOldGen       total 349696K, used 349694K [0x00000000e0000000, 0x00000000f5580000, 0x00000000f5580000)
  object space 349696K, 99% used [0x00000000e0000000,0x00000000f557f988,0x00000000f5580000)
 Metaspace       used 67025K, committed 68096K, reserved 1114112K
  class space    used 6157K, committed 6656K, reserved 1048576K
}
Event: 1284.534 GC heap after
{Heap after GC invocations=1065 (full 901):
 PSYoungGen      total 53248K, used 41984K [0x00000000f5580000, 0x00000000f9a80000, 0x0000000100000000)
  eden space 41984K, 100% used [0x00000000f5580000,0x00000000f7e80000,0x00000000f7e80000)
  from space 11264K, 0% used [0x00000000f8d00000,0x00000000f8d00000,0x00000000f9800000)
  to   space 13824K, 0% used [0x00000000f7e80000,0x00000000f7e80000,0x00000000f8c00000)
 ParOldGen       total 349696K, used 349694K [0x00000000e0000000, 0x00000000f5580000, 0x00000000f5580000)
  object space 349696K, 99% used [0x00000000e0000000,0x00000000f557f988,0x00000000f5580000)
 Metaspace       used 67025K, committed 68096K, reserved 1114112K
  class space    used 6157K, committed 6656K, reserved 1048576K
}
Event: 1284.535 GC heap before
{Heap before GC invocations=1066 (full 902):
 PSYoungGen      total 53248K, used 41984K [0x00000000f5580000, 0x00000000f9a80000, 0x0000000100000000)
  eden space 41984K, 100% used [0x00000000f5580000,0x00000000f7e80000,0x00000000f7e80000)
  from space 11264K, 0% used [0x00000000f8d00000,0x00000000f8d00000,0x00000000f9800000)
  to   space 13824K, 0% used [0x00000000f7e80000,0x00000000f7e80000,0x00000000f8c00000)
 ParOldGen       total 349696K, used 349695K [0x00000000e0000000, 0x00000000f5580000, 0x00000000f5580000)
  object space 349696K, 99% used [0x00000000e0000000,0x00000000f557fe90,0x00000000f5580000)
 Metaspace       used 67025K, committed 68096K, reserved 1114112K
  class space    used 6157K, committed 6656K, reserved 1048576K
}
Event: 1285.644 GC heap after
{Heap after GC invocations=1066 (full 902):
 PSYoungGen      total 55808K, used 41983K [0x00000000f5580000, 0x00000000f9a80000, 0x0000000100000000)
  eden space 41984K, 99% used [0x00000000f5580000,0x00000000f7e7ff68,0x00000000f7e80000)
  from space 13824K, 0% used [0x00000000f7e80000,0x00000000f7e80000,0x00000000f8c00000)
  to   space 11264K, 0% used [0x00000000f8d00000,0x00000000f8d00000,0x00000000f9800000)
 ParOldGen       total 349696K, used 349694K [0x00000000e0000000, 0x00000000f5580000, 0x00000000f5580000)
  object space 349696K, 99% used [0x00000000e0000000,0x00000000f557fb20,0x00000000f5580000)
 Metaspace       used 67025K, committed 68096K, reserved 1114112K
  class space    used 6157K, committed 6656K, reserved 1048576K
}
Event: 1285.644 GC heap before
{Heap before GC invocations=1067 (full 903):
 PSYoungGen      total 55808K, used 41983K [0x00000000f5580000, 0x00000000f9a80000, 0x0000000100000000)
  eden space 41984K, 99% used [0x00000000f5580000,0x00000000f7e7fff0,0x00000000f7e80000)
  from space 13824K, 0% used [0x00000000f7e80000,0x00000000f7e80000,0x00000000f8c00000)
  to   space 11264K, 0% used [0x00000000f8d00000,0x00000000f8d00000,0x00000000f9800000)
 ParOldGen       total 349696K, used 349694K [0x00000000e0000000, 0x00000000f5580000, 0x00000000f5580000)
  object space 349696K, 99% used [0x00000000e0000000,0x00000000f557fb20,0x00000000f5580000)
 Metaspace       used 67025K, committed 68096K, reserved 1114112K
  class space    used 6157K, committed 6656K, reserved 1048576K
}
Event: 1286.817 GC heap after
{Heap after GC invocations=1067 (full 903):
 PSYoungGen      total 53248K, used 41983K [0x00000000f5580000, 0x00000000f9a80000, 0x0000000100000000)
  eden space 41984K, 99% used [0x00000000f5580000,0x00000000f7e7ffa0,0x00000000f7e80000)
  from space 11264K, 0% used [0x00000000f8d00000,0x00000000f8d00000,0x00000000f9800000)
  to   space 13824K, 0% used [0x00000000f7e80000,0x00000000f7e80000,0x00000000f8c00000)
 ParOldGen       total 349696K, used 349694K [0x00000000e0000000, 0x00000000f5580000, 0x00000000f5580000)
  object space 349696K, 99% used [0x00000000e0000000,0x00000000f557fb00,0x00000000f5580000)
 Metaspace       used 67025K, committed 68096K, reserved 1114112K
  class space    used 6157K, committed 6656K, reserved 1048576K
}
Event: 1286.817 GC heap before
{Heap before GC invocations=1068 (full 904):
 PSYoungGen      total 53248K, used 41983K [0x00000000f5580000, 0x00000000f9a80000, 0x0000000100000000)
  eden space 41984K, 99% used [0x00000000f5580000,0x00000000f7e7ffa0,0x00000000f7e80000)
  from space 11264K, 0% used [0x00000000f8d00000,0x00000000f8d00000,0x00000000f9800000)
  to   space 13824K, 0% used [0x00000000f7e80000,0x00000000f7e80000,0x00000000f8c00000)
 ParOldGen       total 349696K, used 349694K [0x00000000e0000000, 0x00000000f5580000, 0x00000000f5580000)
  object space 349696K, 99% used [0x00000000e0000000,0x00000000f557fb00,0x00000000f5580000)
 Metaspace       used 67025K, committed 68096K, reserved 1114112K
  class space    used 6157K, committed 6656K, reserved 1048576K
}
Event: 1288.010 GC heap after
{Heap after GC invocations=1068 (full 904):
 PSYoungGen      total 55808K, used 41983K [0x00000000f5580000, 0x00000000f9a80000, 0x0000000100000000)
  eden space 41984K, 99% used [0x00000000f5580000,0x00000000f7e7ffa0,0x00000000f7e80000)
  from space 13824K, 0% used [0x00000000f7e80000,0x00000000f7e80000,0x00000000f8c00000)
  to   space 11264K, 0% used [0x00000000f8d00000,0x00000000f8d00000,0x00000000f9800000)
 ParOldGen       total 349696K, used 349694K [0x00000000e0000000, 0x00000000f5580000, 0x00000000f5580000)
  object space 349696K, 99% used [0x00000000e0000000,0x00000000f557fb00,0x00000000f5580000)
 Metaspace       used 67025K, committed 68096K, reserved 1114112K
  class space    used 6157K, committed 6656K, reserved 1048576K
}
Event: 1288.010 GC heap before
{Heap before GC invocations=1069 (full 905):
 PSYoungGen      total 55808K, used 41984K [0x00000000f5580000, 0x00000000f9a80000, 0x0000000100000000)
  eden space 41984K, 100% used [0x00000000f5580000,0x00000000f7e80000,0x00000000f7e80000)
  from space 13824K, 0% used [0x00000000f7e80000,0x00000000f7e80000,0x00000000f8c00000)
  to   space 11264K, 0% used [0x00000000f8d00000,0x00000000f8d00000,0x00000000f9800000)
 ParOldGen       total 349696K, used 349695K [0x00000000e0000000, 0x00000000f5580000, 0x00000000f5580000)
  object space 349696K, 99% used [0x00000000e0000000,0x00000000f557fee8,0x00000000f5580000)
 Metaspace       used 67025K, committed 68096K, reserved 1114112K
  class space    used 6157K, committed 6656K, reserved 1048576K
}
Event: 1289.116 GC heap after
{Heap after GC invocations=1069 (full 905):
 PSYoungGen      total 53248K, used 41983K [0x00000000f5580000, 0x00000000f9a80000, 0x0000000100000000)
  eden space 41984K, 99% used [0x00000000f5580000,0x00000000f7e7ff88,0x00000000f7e80000)
  from space 11264K, 0% used [0x00000000f8d00000,0x00000000f8d00000,0x00000000f9800000)
  to   space 13824K, 0% used [0x00000000f7e80000,0x00000000f7e80000,0x00000000f8c00000)
 ParOldGen       total 349696K, used 349693K [0x00000000e0000000, 0x00000000f5580000, 0x00000000f5580000)
  object space 349696K, 99% used [0x00000000e0000000,0x00000000f557f748,0x00000000f5580000)
 Metaspace       used 67025K, committed 68096K, reserved 1114112K
  class space    used 6157K, committed 6656K, reserved 1048576K
}
Event: 1289.116 GC heap before
{Heap before GC invocations=1070 (full 906):
 PSYoungGen      total 53248K, used 41983K [0x00000000f5580000, 0x00000000f9a80000, 0x0000000100000000)
  eden space 41984K, 99% used [0x00000000f5580000,0x00000000f7e7ff88,0x00000000f7e80000)
  from space 11264K, 0% used [0x00000000f8d00000,0x00000000f8d00000,0x00000000f9800000)
  to   space 13824K, 0% used [0x00000000f7e80000,0x00000000f7e80000,0x00000000f8c00000)
 ParOldGen       total 349696K, used 349693K [0x00000000e0000000, 0x00000000f5580000, 0x00000000f5580000)
  object space 349696K, 99% used [0x00000000e0000000,0x00000000f557f748,0x00000000f5580000)
 Metaspace       used 67025K, committed 68096K, reserved 1114112K
  class space    used 6157K, committed 6656K, reserved 1048576K
}
Event: 1290.348 GC heap after
{Heap after GC invocations=1070 (full 906):
 PSYoungGen      total 55808K, used 41983K [0x00000000f5580000, 0x00000000f9a80000, 0x0000000100000000)
  eden space 41984K, 99% used [0x00000000f5580000,0x00000000f7e7ff88,0x00000000f7e80000)
  from space 13824K, 0% used [0x00000000f7e80000,0x00000000f7e80000,0x00000000f8c00000)
  to   space 11264K, 0% used [0x00000000f8d00000,0x00000000f8d00000,0x00000000f9800000)
 ParOldGen       total 349696K, used 349693K [0x00000000e0000000, 0x00000000f5580000, 0x00000000f5580000)
  object space 349696K, 99% used [0x00000000e0000000,0x00000000f557f748,0x00000000f5580000)
 Metaspace       used 67025K, committed 68096K, reserved 1114112K
  class space    used 6157K, committed 6656K, reserved 1048576K
}

